D:/EdcaPy/prueba0.mex
EDCA_support.startModel
(100, 100) 1
(100, 101) 1
(100, 102) 1
(100, 104) 1
(101, 99) 1
(99, 99) 1
(101, 102) 1
(99, 100) 1
0 (0, 3, 0, 0, 0, 0, 0, 0, 0) -1 (99, 100) 0
1 (0, 3, 0, 0, 0, 0, 0, 0, 0) -1 (101, 99) 0
2 (0, 3, 0, 0, 0, 0, 0, 0, 0) -1 (99, 99) 0
3 (0, 3, 0, 0, 0, 0, 0, 0, 0) -1 (101, 102) 0
(100, 102) 1
(100, 104) 1
(101, 99) 1
(99, 99) 1
(101, 102) 1
0 (0, 3, 0, 0, 0, 0, 0, 0, 0) 1 (100, 100) 0
1 (0, 3, 0, 0, 0, 0, 0, 0, 0) -1 (101, 99) 0
2 (0, 3, 0, 0, 0, 0, 0, 0, 0) 1 (99, 100) 0
3 (0, 3, 0, 0, 0, 0, 0, 0, 0) 1 (100, 101) 0
(100, 102) 1
(100, 104) 1
(101, 99) 1
(101, 102) 1
(101, 101) 1
(99, 101) 1
(100, 101) 1
0 (0, 3, 0, 0, 0, 0, 0, 0, 0) -1 (101, 101) 0
1 (0, 3, 0, 0, 0, 0, 0, 0, 0) 1 (99, 99) 0
2 (0, 3, 0, 0, 0, 0, 0, 0, 0) -1 (100, 101) 0
3 (0, 3, 0, 0, 0, 0, 0, 0, 0) -1 (99, 101) 0
(100, 102) 1
(100, 104) 1
(101, 99) 1
(99, 101) 1
(100, 98) 1
0 (0, 3, 0, 0, 0, 0, 0, 0, 0) 1 (101, 102) 0
1 (0, 3, 0, 0, 0, 0, 0, 0, 0) -1 (100, 98) 0
2 (0, 3, 0, 0, 0, 0, 0, 0, 0) 1 (101, 101) 0
3 (0, 3, 0, 0, 0, 0, 0, 0, 0) 1 (100, 101) 0
(100, 102) 1
(100, 104) 1
(99, 101) 1
(100, 98) 1
(101, 101) 1
(102, 100) 1
0 (0, 3, 0, 0, 0, 0, 0, 0, 0) -1 (101, 101) 0
1 (0, 3, 0, 0, 0, 0, 0, 0, 0) 1 (101, 99) 0
2 (0, 3, 0, 0, 0, 0, 0, 0, 0) -1 (102, 100) 0
3 (0, 3, 0, 0, 0, 0, 0, 0, 0) 1 (100, 101) 0
(100, 102) 1
(100, 104) 1
(99, 101) 1
(100, 98) 1
(102, 102) 1
0 (0, 3, 0, 0, 0, 0, 0, 0, 0) 1 (102, 100) 0
1 (0, 3, 0, 0, 0, 0, 0, 0, 0) 1 (101, 99) 0
2 (0, 3, 0, 0, 0, 0, 0, 0, 0) 1 (101, 101) 0
3 (0, 3, 0, 0, 0, 0, 0, 0, 0) -1 (102, 102) 0
(100, 102) 1
(100, 104) 1
(99, 101) 1
(100, 98) 1
(102, 102) 1
(100, 100) 1
(101, 97) 1
(103, 101) 1
0 (0, 3, 0, 0, 0, 0, 0, 0, 0) -1 (103, 101) 0
1 (0, 3, 0, 0, 0, 0, 0, 0, 0) -1 (101, 97) 0
2 (0, 3, 0, 0, 0, 0, 0, 0, 0) -1 (100, 100) 0
3 (0, 3, 0, 0, 0, 0, 0, 0, 0) -1 (102, 102) 0
(100, 102) 1
(100, 100) 1
(101, 97) 1
(103, 101) 1
0 (0, 3, 0, 0, 0, 0, 0, 0, 0) 1 (102, 102) 0
1 (0, 3, 0, 0, 0, 0, 0, 0, 0) 1 (100, 98) 0
2 (0, 3, 0, 0, 0, 0, 0, 0, 0) 1 (99, 101) 0
3 (0, 3, 0, 0, 0, 0, 0, 0, 0) 1 (100, 104) 0
(100, 102) 1
(100, 100) 1
(101, 97) 1
(103, 101) 1
(101, 103) 1
(99, 103) 1
(101, 99) 1
0 (0, 3, 0, 0, 0, 0, 0, 0, 0) -1 (101, 103) 0
1 (0, 3, 0, 0, 0, 0, 0, 0, 0) -1 (101, 99) 0
2 (0, 3, 0, 0, 0, 0, 0, 0, 0) 1 (99, 101) 0
3 (0, 3, 0, 0, 0, 0, 0, 0, 0) -1 (99, 103) 0
(101, 97) 1
(103, 101) 1
(101, 103) 1
(99, 103) 1
(101, 99) 1
(99, 99) 1
0 (0, 3, 0, 0, 0, 0, 0, 0, 0) 1 (100, 102) 0
1 (0, 3, 0, 0, 0, 0, 0, 0, 0) 1 (100, 100) 0
2 (0, 3, 0, 0, 0, 0, 0, 0, 0) -1 (99, 99) 0
3 (0, 3, 0, 0, 0, 0, 0, 0, 0) -1 (99, 103) 0
(101, 97) 1
(103, 101) 1
(99, 103) 1
(101, 99) 1
(99, 99) 1
0 (0, 3, 0, 0, 0, 0, 0, 0, 0) 1 (100, 102) 0
1 (0, 3, 0, 0, 0, 0, 0, 0, 0) 1 (100, 100) 0
2 (0, 3, 0, 0, 0, 0, 0, 0, 0) -1 (99, 99) 0
3 (0, 3, 0, 0, 0, 0, 0, 0, 0) 1 (101, 103) 0
(101, 97) 1
(103, 101) 1
(99, 103) 1
(99, 99) 1
(102, 102) 1
(100, 104) 1
(100, 102) 1
0 (0, 3, 0, 0, 0, 0, 0, 0, 0) -1 (102, 102) 0
1 (0, 3, 0, 0, 0, 0, 0, 0, 0) -1 (100, 102) 0
2 (0, 3, 0, 0, 0, 0, 0, 0, 0) 1 (101, 99) 0
3 (0, 3, 0, 0, 0, 0, 0, 0, 0) -1 (100, 104) 0
(101, 97) 1
(99, 99) 1
(102, 102) 1
(100, 104) 1
(100, 102) 1
(102, 98) 1
0 (0, 3, 0, 0, 0, 0, 0, 0, 0) 1 (103, 101) 0
1 (0, 3, 0, 0, 0, 0, 0, 0, 0) 1 (99, 103) 0
2 (0, 3, 0, 0, 0, 0, 0, 0, 0) -1 (102, 98) 0
3 (0, 3, 0, 0, 0, 0, 0, 0, 0) -1 (100, 104) 0
(99, 99) 1
(100, 104) 1
(100, 102) 1
(102, 98) 1
0 (0, 3, 0, 0, 0, 0, 0, 0, 0) 1 (103, 101) 0
1 (0, 3, 0, 0, 0, 0, 0, 0, 0) 1 (99, 103) 0
2 (0, 3, 0, 0, 0, 0, 0, 0, 0) 1 (101, 97) 0
3 (0, 3, 0, 0, 0, 0, 0, 0, 0) 1 (102, 102) 0
(99, 99) 1
(100, 104) 1
(100, 102) 1
(102, 98) 1
(100, 98) 1
(101, 105) 1
(101, 101) 1
(103, 99) 1
0 (0, 3, 0, 0, 0, 0, 0, 0, 0) -1 (103, 99) 0
1 (0, 3, 0, 0, 0, 0, 0, 0, 0) -1 (101, 105) 0
2 (0, 3, 0, 0, 0, 0, 0, 0, 0) -1 (100, 98) 0
3 (0, 3, 0, 0, 0, 0, 0, 0, 0) -1 (101, 101) 0
(100, 98) 1
(101, 105) 1
(101, 101) 1
(103, 99) 1
0 (0, 3, 0, 0, 0, 0, 0, 0, 0) 1 (102, 98) 0
1 (0, 3, 0, 0, 0, 0, 0, 0, 0) 1 (100, 104) 0
2 (0, 3, 0, 0, 0, 0, 0, 0, 0) 1 (99, 99) 0
3 (0, 3, 0, 0, 0, 0, 0, 0, 0) 1 (100, 102) 0
(100, 98) 1
(101, 105) 1
(101, 101) 1
(103, 99) 1
(101, 99) 1
(100, 100) 1
0 (0, 3, 0, 0, 0, 0, 0, 0, 0) -1 (101, 99) 0
1 (0, 3, 0, 0, 0, 0, 0, 0, 0) 1 (100, 104) 0
2 (0, 3, 0, 0, 0, 0, 0, 0, 0) -1 (100, 100) 0
3 (0, 3, 0, 0, 0, 0, 0, 0, 0) 1 (100, 102) 0
(101, 105) 1
(103, 99) 1
(101, 99) 1
(100, 100) 1
(102, 104) 1
(102, 102) 1
0 (0, 3, 0, 0, 0, 0, 0, 0, 0) 1 (100, 98) 0
1 (0, 3, 0, 0, 0, 0, 0, 0, 0) -1 (102, 104) 0
2 (0, 3, 0, 0, 0, 0, 0, 0, 0) 1 (101, 101) 0
3 (0, 3, 0, 0, 0, 0, 0, 0, 0) -1 (102, 102) 0
(103, 99) 1
(101, 99) 1
(100, 100) 1
(102, 104) 1
(102, 102) 1
(99, 99) 1
0 (0, 3, 0, 0, 0, 0, 0, 0, 0) -1 (99, 99) 0
1 (0, 3, 0, 0, 0, 0, 0, 0, 0) 1 (101, 105) 0
2 (0, 3, 0, 0, 0, 0, 0, 0, 0) 1 (101, 101) 0
3 (0, 3, 0, 0, 0, 0, 0, 0, 0) -1 (102, 102) 0
(103, 99) 1
(101, 99) 1
(102, 102) 1
(99, 99) 1
(103, 101) 1
0 (0, 3, 0, 0, 0, 0, 0, 0, 0) 1 (100, 100) 0
1 (0, 3, 0, 0, 0, 0, 0, 0, 0) 1 (101, 105) 0
2 (0, 3, 0, 0, 0, 0, 0, 0, 0) -1 (103, 101) 0
3 (0, 3, 0, 0, 0, 0, 0, 0, 0) 1 (102, 104) 0
(103, 99) 1
(101, 99) 1
(99, 99) 1
(103, 101) 1
(103, 103) 1
(101, 103) 1
(101, 101) 1
0 (0, 3, 0, 0, 0, 0, 0, 0, 0) -1 (101, 101) 0
1 (0, 3, 0, 0, 0, 0, 0, 0, 0) -1 (103, 103) 0
2 (0, 3, 0, 0, 0, 0, 0, 0, 0) 1 (102, 102) 0
3 (0, 3, 0, 0, 0, 0, 0, 0, 0) -1 (101, 103) 0
(103, 99) 1
(101, 99) 1
(99, 99) 1
(103, 101) 1
(103, 103) 1
(101, 103) 1
(101, 101) 1
0 (0, 3, 0, 0, 0, 0, 0, 0, 0) -1 (101, 101) 0
1 (0, 3, 0, 0, 0, 0, 0, 0, 0) -1 (103, 103) 0
2 (0, 3, 0, 0, 0, 0, 0, 0, 0) 1 (102, 102) 0
3 (0, 3, 0, 0, 0, 0, 0, 0, 0) -1 (101, 103) 0
(103, 99) 1
(101, 99) 1
(99, 99) 1
(101, 103) 1
(104, 104) 1
0 (0, 3, 0, 0, 0, 0, 0, 0, 0) 1 (103, 101) 0
1 (0, 3, 0, 0, 0, 0, 0, 0, 0) 1 (101, 101) 0
2 (0, 3, 0, 0, 0, 0, 0, 0, 0) -1 (104, 104) 0
3 (0, 3, 0, 0, 0, 0, 0, 0, 0) 1 (103, 103) 0
(103, 99) 1
(101, 99) 1
(99, 99) 1
(101, 103) 1
(104, 104) 1
(104, 100) 1
(102, 104) 1
(102, 102) 1
0 (0, 3, 0, 0, 0, 0, 0, 0, 0) -1 (104, 100) 0
1 (0, 3, 0, 0, 0, 0, 0, 0, 0) -1 (102, 102) 0
2 (0, 3, 0, 0, 0, 0, 0, 0, 0) -1 (104, 104) 0
3 (0, 3, 0, 0, 0, 0, 0, 0, 0) -1 (102, 104) 0
(101, 99) 1
(99, 99) 1
(104, 104) 1
(104, 100) 1
(102, 104) 1
0 (0, 3, 0, 0, 0, 0, 0, 0, 0) 1 (103, 99) 0
1 (0, 3, 0, 0, 0, 0, 0, 0, 0) 1 (101, 103) 0
2 (0, 3, 0, 0, 0, 0, 0, 0, 0) 1 (102, 102) 0
3 (0, 3, 0, 0, 0, 0, 0, 0, 0) -1 (102, 104) 0
(101, 99) 1
(99, 99) 1
(104, 100) 1
(102, 104) 1
(102, 100) 1
(103, 101) 1
0 (0, 3, 0, 0, 0, 0, 0, 0, 0) -1 (102, 100) 0
1 (0, 3, 0, 0, 0, 0, 0, 0, 0) 1 (101, 103) 0
2 (0, 3, 0, 0, 0, 0, 0, 0, 0) -1 (103, 101) 0
3 (0, 3, 0, 0, 0, 0, 0, 0, 0) 1 (104, 104) 0
(101, 99) 1
(99, 99) 1
(102, 104) 1
(102, 100) 1
(103, 105) 1
(103, 103) 1
0 (0, 3, 0, 0, 0, 0, 0, 0, 0) 1 (103, 101) 0
1 (0, 3, 0, 0, 0, 0, 0, 0, 0) -1 (103, 103) 0
2 (0, 3, 0, 0, 0, 0, 0, 0, 0) 1 (104, 100) 0
3 (0, 3, 0, 0, 0, 0, 0, 0, 0) -1 (103, 105) 0
(101, 99) 1
(99, 99) 1
(102, 100) 1
(103, 105) 1
(103, 103) 1
(103, 101) 1
(104, 102) 1
0 (0, 3, 0, 0, 0, 0, 0, 0, 0) -1 (104, 102) 0
1 (0, 3, 0, 0, 0, 0, 0, 0, 0) 1 (102, 104) 0
2 (0, 3, 0, 0, 0, 0, 0, 0, 0) -1 (103, 101) 0
3 (0, 3, 0, 0, 0, 0, 0, 0, 0) -1 (103, 105) 0
(101, 99) 1
(99, 99) 1
(102, 100) 1
(103, 105) 1
(103, 101) 1
0 (0, 3, 0, 0, 0, 0, 0, 0, 0) 1 (103, 103) 0
1 (0, 3, 0, 0, 0, 0, 0, 0, 0) 1 (102, 104) 0
2 (0, 3, 0, 0, 0, 0, 0, 0, 0) 1 (104, 102) 0
3 (0, 3, 0, 0, 0, 0, 0, 0, 0) -1 (103, 105) 0
(101, 99) 1
(99, 99) 1
(102, 100) 1
(103, 105) 1
(103, 101) 1
(104, 106) 1
(104, 104) 1
0 (0, 3, 0, 0, 0, 0, 0, 0, 0) -1 (104, 104) 0
1 (0, 3, 0, 0, 0, 0, 0, 0, 0) -1 (104, 106) 0
2 (0, 3, 0, 0, 0, 0, 0, 0, 0) 1 (104, 102) 0
3 (0, 3, 0, 0, 0, 0, 0, 0, 0) -1 (103, 105) 0
(101, 99) 1
(99, 99) 1
(102, 100) 1
(104, 106) 1
(104, 104) 1
(104, 100) 1
0 (0, 3, 0, 0, 0, 0, 0, 0, 0) 1 (103, 105) 0
1 (0, 3, 0, 0, 0, 0, 0, 0, 0) -1 (104, 106) 0
2 (0, 3, 0, 0, 0, 0, 0, 0, 0) -1 (104, 100) 0
3 (0, 3, 0, 0, 0, 0, 0, 0, 0) 1 (103, 101) 0
(101, 99) 1
(99, 99) 1
(102, 100) 1
(104, 106) 1
(104, 100) 1
0 (0, 3, 0, 0, 0, 0, 0, 0, 0) 1 (103, 105) 0
1 (0, 3, 0, 0, 0, 0, 0, 0, 0) 1 (104, 104) 0
2 (0, 3, 0, 0, 0, 0, 0, 0, 0) -1 (104, 100) 0
3 (0, 3, 0, 0, 0, 0, 0, 0, 0) 1 (103, 101) 0
(101, 99) 1
(99, 99) 1
(104, 106) 1
(104, 100) 1
(105, 105) 1
(103, 105) 1
(105, 101) 1
0 (0, 3, 0, 0, 0, 0, 0, 0, 0) -1 (105, 105) 0
1 (0, 3, 0, 0, 0, 0, 0, 0, 0) -1 (103, 105) 0
2 (0, 3, 0, 0, 0, 0, 0, 0, 0) 1 (102, 100) 0
3 (0, 3, 0, 0, 0, 0, 0, 0, 0) -1 (105, 101) 0
(101, 99) 1
(99, 99) 1
(105, 105) 1
(103, 105) 1
(105, 101) 1
(103, 101) 1
0 (0, 3, 0, 0, 0, 0, 0, 0, 0) 1 (104, 106) 0
1 (0, 3, 0, 0, 0, 0, 0, 0, 0) -1 (103, 105) 0
2 (0, 3, 0, 0, 0, 0, 0, 0, 0) -1 (103, 101) 0
3 (0, 3, 0, 0, 0, 0, 0, 0, 0) 1 (104, 100) 0
(101, 99) 1
(99, 99) 1
(103, 105) 1
(105, 101) 1
(103, 101) 1
0 (0, 3, 0, 0, 0, 0, 0, 0, 0) 1 (104, 106) 0
1 (0, 3, 0, 0, 0, 0, 0, 0, 0) 1 (105, 105) 0
2 (0, 3, 0, 0, 0, 0, 0, 0, 0) -1 (103, 101) 0
3 (0, 3, 0, 0, 0, 0, 0, 0, 0) 1 (104, 100) 0
(101, 99) 1
(99, 99) 1
(103, 105) 1
(103, 101) 1
(104, 106) 1
(104, 104) 1
(106, 100) 1
0 (0, 3, 0, 0, 0, 0, 0, 0, 0) -1 (104, 104) 0
1 (0, 3, 0, 0, 0, 0, 0, 0, 0) -1 (104, 106) 0
2 (0, 3, 0, 0, 0, 0, 0, 0, 0) 1 (105, 101) 0
3 (0, 3, 0, 0, 0, 0, 0, 0, 0) -1 (106, 100) 0
(101, 99) 1
(99, 99) 1
(103, 101) 1
(104, 106) 1
(104, 104) 1
(106, 100) 1
(104, 102) 1
0 (0, 3, 0, 0, 0, 0, 0, 0, 0) 1 (103, 105) 0
1 (0, 3, 0, 0, 0, 0, 0, 0, 0) -1 (104, 106) 0
2 (0, 3, 0, 0, 0, 0, 0, 0, 0) -1 (104, 102) 0
3 (0, 3, 0, 0, 0, 0, 0, 0, 0) -1 (106, 100) 0
(101, 99) 1
(99, 99) 1
(104, 106) 1
(106, 100) 1
0 (0, 3, 0, 0, 0, 0, 0, 0, 0) 1 (103, 105) 0
1 (0, 3, 0, 0, 0, 0, 0, 0, 0) 1 (104, 104) 0
2 (0, 3, 0, 0, 0, 0, 0, 0, 0) 1 (103, 101) 0
3 (0, 3, 0, 0, 0, 0, 0, 0, 0) 1 (104, 102) 0
(101, 99) 1
(99, 99) 1
(104, 106) 1
(106, 100) 1
(102, 100) 1
(105, 105) 1
(103, 105) 1
(105, 101) 1
0 (0, 3, 0, 0, 0, 0, 0, 0, 0) -1 (105, 105) 0
1 (0, 3, 0, 0, 0, 0, 0, 0, 0) -1 (103, 105) 0
2 (0, 3, 0, 0, 0, 0, 0, 0, 0) -1 (102, 100) 0
3 (0, 3, 0, 0, 0, 0, 0, 0, 0) -1 (105, 101) 0
(99, 99) 1
(102, 100) 1
(105, 105) 1
(103, 105) 1
(105, 101) 1
0 (0, 3, 0, 0, 0, 0, 0, 0, 0) 1 (104, 106) 0
1 (0, 3, 0, 0, 0, 0, 0, 0, 0) -1 (103, 105) 0
2 (0, 3, 0, 0, 0, 0, 0, 0, 0) 1 (101, 99) 0
3 (0, 3, 0, 0, 0, 0, 0, 0, 0) 1 (106, 100) 0
(99, 99) 1
(102, 100) 1
(103, 105) 1
(105, 101) 1
(100, 100) 1
0 (0, 3, 0, 0, 0, 0, 0, 0, 0) 1 (104, 106) 0
1 (0, 3, 0, 0, 0, 0, 0, 0, 0) 1 (105, 105) 0
2 (0, 3, 0, 0, 0, 0, 0, 0, 0) -1 (100, 100) 0
3 (0, 3, 0, 0, 0, 0, 0, 0, 0) 1 (106, 100) 0
(102, 100) 1
(103, 105) 1
(105, 101) 1
(100, 100) 1
(104, 106) 1
(104, 104) 1
(106, 102) 1
0 (0, 3, 0, 0, 0, 0, 0, 0, 0) -1 (104, 104) 0
1 (0, 3, 0, 0, 0, 0, 0, 0, 0) -1 (104, 106) 0
2 (0, 3, 0, 0, 0, 0, 0, 0, 0) 1 (99, 99) 0
3 (0, 3, 0, 0, 0, 0, 0, 0, 0) -1 (106, 102) 0
(102, 100) 1
(100, 100) 1
(104, 106) 1
(104, 104) 1
(106, 102) 1
0 (0, 3, 0, 0, 0, 0, 0, 0, 0) 1 (103, 105) 0
1 (0, 3, 0, 0, 0, 0, 0, 0, 0) -1 (104, 106) 0
2 (0, 3, 0, 0, 0, 0, 0, 0, 0) 1 (99, 99) 0
3 (0, 3, 0, 0, 0, 0, 0, 0, 0) 1 (105, 101) 0
(102, 100) 1
(100, 100) 1
(104, 106) 1
(106, 102) 1
(99, 101) 1
0 (0, 3, 0, 0, 0, 0, 0, 0, 0) 1 (103, 105) 0
1 (0, 3, 0, 0, 0, 0, 0, 0, 0) 1 (104, 104) 0
2 (0, 3, 0, 0, 0, 0, 0, 0, 0) -1 (99, 101) 0
3 (0, 3, 0, 0, 0, 0, 0, 0, 0) 1 (105, 101) 0
(102, 100) 1
(104, 106) 1
(106, 102) 1
(99, 101) 1
(105, 105) 1
(107, 101) 1
(105, 103) 1
0 (0, 3, 0, 0, 0, 0, 0, 0, 0) -1 (105, 105) 0
1 (0, 3, 0, 0, 0, 0, 0, 0, 0) -1 (105, 103) 0
2 (0, 3, 0, 0, 0, 0, 0, 0, 0) 1 (100, 100) 0
3 (0, 3, 0, 0, 0, 0, 0, 0, 0) -1 (107, 101) 0
(102, 100) 1
(99, 101) 1
(105, 105) 1
(107, 101) 1
(105, 103) 1
(101, 101) 1
0 (0, 3, 0, 0, 0, 0, 0, 0, 0) 1 (104, 106) 0
1 (0, 3, 0, 0, 0, 0, 0, 0, 0) 1 (106, 102) 0
2 (0, 3, 0, 0, 0, 0, 0, 0, 0) -1 (101, 101) 0
3 (0, 3, 0, 0, 0, 0, 0, 0, 0) -1 (107, 101) 0
(99, 101) 1
(105, 105) 1
(107, 101) 1
(101, 101) 1
0 (0, 3, 0, 0, 0, 0, 0, 0, 0) 1 (104, 106) 0
1 (0, 3, 0, 0, 0, 0, 0, 0, 0) 1 (106, 102) 0
2 (0, 3, 0, 0, 0, 0, 0, 0, 0) 1 (102, 100) 0
3 (0, 3, 0, 0, 0, 0, 0, 0, 0) 1 (105, 103) 0
(99, 101) 1
(105, 105) 1
(107, 101) 1
(101, 101) 1
(106, 106) 1
(106, 104) 1
(108, 102) 1
0 (0, 3, 0, 0, 0, 0, 0, 0, 0) -1 (106, 106) 0
1 (0, 3, 0, 0, 0, 0, 0, 0, 0) -1 (108, 102) 0
2 (0, 3, 0, 0, 0, 0, 0, 0, 0) 1 (102, 100) 0
3 (0, 3, 0, 0, 0, 0, 0, 0, 0) -1 (106, 104) 0
(99, 101) 1
(101, 101) 1
(106, 106) 1
(106, 104) 1
(108, 102) 1
(102, 102) 1
0 (0, 3, 0, 0, 0, 0, 0, 0, 0) 1 (105, 105) 0
1 (0, 3, 0, 0, 0, 0, 0, 0, 0) 1 (107, 101) 0
2 (0, 3, 0, 0, 0, 0, 0, 0, 0) -1 (102, 102) 0
3 (0, 3, 0, 0, 0, 0, 0, 0, 0) -1 (106, 104) 0
(99, 101) 1
(106, 106) 1
(106, 104) 1
(102, 102) 1
0 (0, 3, 0, 0, 0, 0, 0, 0, 0) 1 (105, 105) 0
1 (0, 3, 0, 0, 0, 0, 0, 0, 0) 1 (107, 101) 0
2 (0, 3, 0, 0, 0, 0, 0, 0, 0) 1 (101, 101) 0
3 (0, 3, 0, 0, 0, 0, 0, 0, 0) 1 (108, 102) 0
(99, 101) 1
(106, 106) 1
(106, 104) 1
(102, 102) 1
(100, 102) 1
(107, 107) 1
(107, 103) 1
0 (0, 3, 0, 0, 0, 0, 0, 0, 0) -1 (107, 107) 0
1 (0, 3, 0, 0, 0, 0, 0, 0, 0) -1 (107, 103) 0
2 (0, 3, 0, 0, 0, 0, 0, 0, 0) -1 (100, 102) 0
3 (0, 3, 0, 0, 0, 0, 0, 0, 0) 1 (108, 102) 0
(102, 102) 1
(100, 102) 1
(107, 107) 1
(107, 103) 1
(108, 104) 1
0 (0, 3, 0, 0, 0, 0, 0, 0, 0) 1 (106, 106) 0
1 (0, 3, 0, 0, 0, 0, 0, 0, 0) 1 (106, 104) 0
2 (0, 3, 0, 0, 0, 0, 0, 0, 0) 1 (99, 101) 0
3 (0, 3, 0, 0, 0, 0, 0, 0, 0) -1 (108, 104) 0
(102, 102) 1
(100, 102) 1
(107, 107) 1
(108, 104) 1
(107, 105) 1
0 (0, 3, 0, 0, 0, 0, 0, 0, 0) -1 (107, 105) 0
1 (0, 3, 0, 0, 0, 0, 0, 0, 0) 1 (106, 104) 0
2 (0, 3, 0, 0, 0, 0, 0, 0, 0) 1 (99, 101) 0
3 (0, 3, 0, 0, 0, 0, 0, 0, 0) 1 (107, 103) 0
(102, 102) 1
(100, 102) 1
(107, 107) 1
(107, 105) 1
(99, 103) 1
(106, 104) 1
0 (0, 3, 0, 0, 0, 0, 0, 0, 0) 1 (108, 104) 0
1 (0, 3, 0, 0, 0, 0, 0, 0, 0) 1 (106, 104) 0
2 (0, 3, 0, 0, 0, 0, 0, 0, 0) -1 (99, 103) 0
3 (0, 3, 0, 0, 0, 0, 0, 0, 0) -1 (106, 104) 0
(102, 102) 1
(107, 107) 1
(99, 103) 1
(106, 104) 1
(103, 101) 1
(107, 103) 1
0 (0, 3, 0, 0, 0, 0, 0, 0, 0) -1 (107, 103) 0
1 (0, 3, 0, 0, 0, 0, 0, 0, 0) -1 (103, 101) 0
2 (0, 3, 0, 0, 0, 0, 0, 0, 0) 1 (100, 102) 0
3 (0, 3, 0, 0, 0, 0, 0, 0, 0) 1 (107, 105) 0
(107, 107) 1
(99, 103) 1
(103, 101) 1
(107, 103) 1
(101, 103) 1
(108, 106) 1
0 (0, 3, 0, 0, 0, 0, 0, 0, 0) 1 (106, 104) 0
1 (0, 3, 0, 0, 0, 0, 0, 0, 0) 1 (102, 102) 0
2 (0, 3, 0, 0, 0, 0, 0, 0, 0) -1 (101, 103) 0
3 (0, 3, 0, 0, 0, 0, 0, 0, 0) -1 (108, 106) 0
(99, 103) 1
(103, 101) 1
(107, 103) 1
(101, 103) 1
(108, 106) 1
(107, 105) 1
0 (0, 3, 0, 0, 0, 0, 0, 0, 0) -1 (107, 105) 0
1 (0, 3, 0, 0, 0, 0, 0, 0, 0) 1 (102, 102) 0
2 (0, 3, 0, 0, 0, 0, 0, 0, 0) -1 (101, 103) 0
3 (0, 3, 0, 0, 0, 0, 0, 0, 0) 1 (107, 107) 0
(99, 103) 1
(107, 103) 1
(101, 103) 1
(107, 105) 1
(104, 102) 1
(106, 106) 1
0 (0, 3, 0, 0, 0, 0, 0, 0, 0) 1 (108, 106) 0
1 (0, 3, 0, 0, 0, 0, 0, 0, 0) -1 (104, 102) 0
2 (0, 3, 0, 0, 0, 0, 0, 0, 0) 1 (103, 101) 0
3 (0, 3, 0, 0, 0, 0, 0, 0, 0) -1 (106, 106) 0
(99, 103) 1
(107, 103) 1
(101, 103) 1
(104, 102) 1
(106, 106) 1
(102, 102) 1
(107, 107) 1
0 (0, 3, 0, 0, 0, 0, 0, 0, 0) -1 (107, 107) 0
1 (0, 3, 0, 0, 0, 0, 0, 0, 0) -1 (104, 102) 0
2 (0, 3, 0, 0, 0, 0, 0, 0, 0) -1 (102, 102) 0
3 (0, 3, 0, 0, 0, 0, 0, 0, 0) 1 (107, 105) 0
(99, 103) 1
(107, 103) 1
(104, 102) 1
(107, 107) 1
(108, 104) 1
0 (0, 3, 0, 0, 0, 0, 0, 0, 0) 1 (106, 106) 0
1 (0, 3, 0, 0, 0, 0, 0, 0, 0) 1 (102, 102) 0
2 (0, 3, 0, 0, 0, 0, 0, 0, 0) 1 (101, 103) 0
3 (0, 3, 0, 0, 0, 0, 0, 0, 0) -1 (108, 104) 0
(99, 103) 1
(104, 102) 1
(107, 107) 1
(108, 104) 1
(100, 104) 1
(103, 103) 1
(107, 105) 1
0 (0, 3, 0, 0, 0, 0, 0, 0, 0) -1 (107, 105) 0
1 (0, 3, 0, 0, 0, 0, 0, 0, 0) -1 (103, 103) 0
2 (0, 3, 0, 0, 0, 0, 0, 0, 0) -1 (100, 104) 0
3 (0, 3, 0, 0, 0, 0, 0, 0, 0) 1 (107, 103) 0
(107, 107) 1
(100, 104) 1
(103, 103) 1
(107, 105) 1
(106, 104) 1
0 (0, 3, 0, 0, 0, 0, 0, 0, 0) 1 (108, 104) 0
1 (0, 3, 0, 0, 0, 0, 0, 0, 0) 1 (104, 102) 0
2 (0, 3, 0, 0, 0, 0, 0, 0, 0) 1 (99, 103) 0
3 (0, 3, 0, 0, 0, 0, 0, 0, 0) -1 (106, 104) 0
(107, 107) 1
(100, 104) 1
(103, 103) 1
(106, 104) 1
(107, 103) 1
(105, 103) 1
0 (0, 3, 0, 0, 0, 0, 0, 0, 0) -1 (107, 103) 0
1 (0, 3, 0, 0, 0, 0, 0, 0, 0) -1 (105, 103) 0
2 (0, 3, 0, 0, 0, 0, 0, 0, 0) 1 (99, 103) 0
3 (0, 3, 0, 0, 0, 0, 0, 0, 0) 1 (107, 105) 0
(107, 107) 1
(100, 104) 1
(103, 103) 1
(107, 103) 1
(105, 103) 1
(108, 106) 1
(101, 103) 1
0 (0, 3, 0, 0, 0, 0, 0, 0, 0) 1 (106, 104) 0
1 (0, 3, 0, 0, 0, 0, 0, 0, 0) -1 (105, 103) 0
2 (0, 3, 0, 0, 0, 0, 0, 0, 0) -1 (101, 103) 0
3 (0, 3, 0, 0, 0, 0, 0, 0, 0) -1 (108, 106) 0
(103, 103) 1
(105, 103) 1
(108, 106) 1
(101, 103) 1
(107, 105) 1
0 (0, 3, 0, 0, 0, 0, 0, 0, 0) -1 (107, 105) 0
1 (0, 3, 0, 0, 0, 0, 0, 0, 0) 1 (107, 103) 0
2 (0, 3, 0, 0, 0, 0, 0, 0, 0) 1 (100, 104) 0
3 (0, 3, 0, 0, 0, 0, 0, 0, 0) 1 (107, 107) 0
(103, 103) 1
(105, 103) 1
(101, 103) 1
(107, 105) 1
(108, 104) 1
(106, 106) 1
0 (0, 3, 0, 0, 0, 0, 0, 0, 0) 1 (108, 106) 0
1 (0, 3, 0, 0, 0, 0, 0, 0, 0) -1 (108, 104) 0
2 (0, 3, 0, 0, 0, 0, 0, 0, 0) 1 (100, 104) 0
3 (0, 3, 0, 0, 0, 0, 0, 0, 0) -1 (106, 106) 0
(103, 103) 1
(105, 103) 1
(101, 103) 1
(108, 104) 1
(106, 106) 1
(100, 102) 1
(109, 105) 1
0 (0, 3, 0, 0, 0, 0, 0, 0, 0) -1 (109, 105) 0
1 (0, 3, 0, 0, 0, 0, 0, 0, 0) 1 (107, 105) 0
2 (0, 3, 0, 0, 0, 0, 0, 0, 0) -1 (100, 102) 0
3 (0, 3, 0, 0, 0, 0, 0, 0, 0) -1 (106, 106) 0
(103, 103) 1
(105, 103) 1
(106, 106) 1
(100, 102) 1
(109, 105) 1
(108, 106) 1
0 (0, 3, 0, 0, 0, 0, 0, 0, 0) 1 (108, 104) 0
1 (0, 3, 0, 0, 0, 0, 0, 0, 0) -1 (108, 106) 0
2 (0, 3, 0, 0, 0, 0, 0, 0, 0) 1 (101, 103) 0
3 (0, 3, 0, 0, 0, 0, 0, 0, 0) -1 (106, 106) 0
(103, 103) 1
(106, 106) 1
(100, 102) 1
(108, 106) 1
(102, 104) 1
0 (0, 3, 0, 0, 0, 0, 0, 0, 0) 1 (108, 104) 0
1 (0, 3, 0, 0, 0, 0, 0, 0, 0) 1 (109, 105) 0
2 (0, 3, 0, 0, 0, 0, 0, 0, 0) -1 (102, 104) 0
3 (0, 3, 0, 0, 0, 0, 0, 0, 0) 1 (105, 103) 0
(106, 106) 1
(100, 102) 1
(108, 106) 1
(102, 104) 1
(104, 104) 1
0 (0, 3, 0, 0, 0, 0, 0, 0, 0) 1 (108, 104) 0
1 (0, 3, 0, 0, 0, 0, 0, 0, 0) 1 (109, 105) 0
2 (0, 3, 0, 0, 0, 0, 0, 0, 0) 1 (103, 103) 0
3 (0, 3, 0, 0, 0, 0, 0, 0, 0) -1 (104, 104) 0
(106, 106) 1
(100, 102) 1
(108, 106) 1
(102, 104) 1
(104, 104) 1
(109, 107) 1
0 (0, 3, 0, 0, 0, 0, 0, 0, 0) -1 (109, 107) 0
1 (0, 3, 0, 0, 0, 0, 0, 0, 0) 1 (109, 105) 0
2 (0, 3, 0, 0, 0, 0, 0, 0, 0) 1 (103, 103) 0
3 (0, 3, 0, 0, 0, 0, 0, 0, 0) -1 (104, 104) 0
(100, 102) 1
(102, 104) 1
(104, 104) 1
(109, 107) 1
(105, 103) 1
(110, 108) 1
0 (0, 3, 0, 0, 0, 0, 0, 0, 0) 1 (108, 106) 0
1 (0, 3, 0, 0, 0, 0, 0, 0, 0) -1 (110, 108) 0
2 (0, 3, 0, 0, 0, 0, 0, 0, 0) -1 (105, 103) 0
3 (0, 3, 0, 0, 0, 0, 0, 0, 0) 1 (106, 106) 0
(100, 102) 1
(102, 104) 1
(105, 103) 1
(110, 108) 1
(105, 105) 1
0 (0, 3, 0, 0, 0, 0, 0, 0, 0) 1 (108, 106) 0
1 (0, 3, 0, 0, 0, 0, 0, 0, 0) 1 (109, 107) 0
2 (0, 3, 0, 0, 0, 0, 0, 0, 0) 1 (104, 104) 0
3 (0, 3, 0, 0, 0, 0, 0, 0, 0) -1 (105, 105) 0
(100, 102) 1
(102, 104) 1
(105, 103) 1
(110, 108) 1
(105, 105) 1
(103, 105) 1
(106, 106) 1
0 (0, 3, 0, 0, 0, 0, 0, 0, 0) -1 (106, 106) 0
1 (0, 3, 0, 0, 0, 0, 0, 0, 0) 1 (109, 107) 0
2 (0, 3, 0, 0, 0, 0, 0, 0, 0) -1 (103, 105) 0
3 (0, 3, 0, 0, 0, 0, 0, 0, 0) -1 (105, 105) 0
(100, 102) 1
(110, 108) 1
(103, 105) 1
(106, 106) 1
(111, 107) 1
0 (0, 3, 0, 0, 0, 0, 0, 0, 0) 1 (105, 105) 0
1 (0, 3, 0, 0, 0, 0, 0, 0, 0) -1 (111, 107) 0
2 (0, 3, 0, 0, 0, 0, 0, 0, 0) 1 (102, 104) 0
3 (0, 3, 0, 0, 0, 0, 0, 0, 0) 1 (105, 103) 0
(100, 102) 1
(103, 105) 1
(106, 106) 1
(111, 107) 1
(101, 103) 1
(104, 106) 1
(104, 104) 1
0 (0, 3, 0, 0, 0, 0, 0, 0, 0) -1 (104, 106) 0
1 (0, 3, 0, 0, 0, 0, 0, 0, 0) 1 (110, 108) 0
2 (0, 3, 0, 0, 0, 0, 0, 0, 0) -1 (101, 103) 0
3 (0, 3, 0, 0, 0, 0, 0, 0, 0) -1 (104, 104) 0
(106, 106) 1
(111, 107) 1
(101, 103) 1
(104, 106) 1
(104, 104) 1
0 (0, 3, 0, 0, 0, 0, 0, 0, 0) 1 (103, 105) 0
1 (0, 3, 0, 0, 0, 0, 0, 0, 0) 1 (110, 108) 0
2 (0, 3, 0, 0, 0, 0, 0, 0, 0) 1 (100, 102) 0
3 (0, 3, 0, 0, 0, 0, 0, 0, 0) -1 (104, 104) 0
(111, 107) 1
(101, 103) 1
(104, 106) 1
(104, 104) 1
(112, 108) 1
(102, 104) 1
0 (0, 3, 0, 0, 0, 0, 0, 0, 0) -1 (102, 104) 0
1 (0, 3, 0, 0, 0, 0, 0, 0, 0) -1 (112, 108) 0
2 (0, 3, 0, 0, 0, 0, 0, 0, 0) 1 (100, 102) 0
3 (0, 3, 0, 0, 0, 0, 0, 0, 0) 1 (106, 106) 0
(104, 106) 1
(104, 104) 1
(112, 108) 1
(102, 104) 1
(102, 102) 1
(105, 107) 1
0 (0, 3, 0, 0, 0, 0, 0, 0, 0) 1 (101, 103) 0
1 (0, 3, 0, 0, 0, 0, 0, 0, 0) 1 (111, 107) 0
2 (0, 3, 0, 0, 0, 0, 0, 0, 0) -1 (102, 102) 0
3 (0, 3, 0, 0, 0, 0, 0, 0, 0) -1 (105, 107) 0
(104, 104) 1
(112, 108) 1
(102, 104) 1
(102, 102) 1
(105, 107) 1
0 (0, 3, 0, 0, 0, 0, 0, 0, 0) 1 (101, 103) 0
1 (0, 3, 0, 0, 0, 0, 0, 0, 0) 1 (111, 107) 0
2 (0, 3, 0, 0, 0, 0, 0, 0, 0) -1 (102, 102) 0
3 (0, 3, 0, 0, 0, 0, 0, 0, 0) 1 (104, 106) 0
(112, 108) 1
(102, 104) 1
(102, 102) 1
(105, 107) 1
(105, 105) 1
(113, 107) 1
(103, 101) 1
0 (0, 3, 0, 0, 0, 0, 0, 0, 0) -1 (103, 101) 0
1 (0, 3, 0, 0, 0, 0, 0, 0, 0) -1 (113, 107) 0
2 (0, 3, 0, 0, 0, 0, 0, 0, 0) 1 (104, 104) 0
3 (0, 3, 0, 0, 0, 0, 0, 0, 0) -1 (105, 105) 0
(102, 104) 1
(105, 107) 1
(105, 105) 1
(113, 107) 1
(103, 101) 1
(103, 105) 1
0 (0, 3, 0, 0, 0, 0, 0, 0, 0) 1 (102, 102) 0
1 (0, 3, 0, 0, 0, 0, 0, 0, 0) 1 (112, 108) 0
2 (0, 3, 0, 0, 0, 0, 0, 0, 0) -1 (103, 105) 0
3 (0, 3, 0, 0, 0, 0, 0, 0, 0) -1 (105, 105) 0
(105, 105) 1
(113, 107) 1
(103, 101) 1
(103, 105) 1
(103, 103) 1
0 (0, 3, 0, 0, 0, 0, 0, 0, 0) -1 (103, 103) 0
1 (0, 3, 0, 0, 0, 0, 0, 0, 0) 1 (112, 108) 0
2 (0, 3, 0, 0, 0, 0, 0, 0, 0) 1 (102, 104) 0
3 (0, 3, 0, 0, 0, 0, 0, 0, 0) 1 (105, 107) 0
(105, 105) 1
(113, 107) 1
(103, 101) 1
(103, 105) 1
(103, 103) 1
(106, 106) 1
(114, 108) 1
0 (0, 3, 0, 0, 0, 0, 0, 0, 0) -1 (103, 103) 0
1 (0, 3, 0, 0, 0, 0, 0, 0, 0) -1 (114, 108) 0
2 (0, 3, 0, 0, 0, 0, 0, 0, 0) 1 (102, 104) 0
3 (0, 3, 0, 0, 0, 0, 0, 0, 0) -1 (106, 106) 0
(103, 101) 1
(103, 105) 1
(103, 103) 1
(106, 106) 1
(114, 108) 1
(102, 106) 1
0 (0, 3, 0, 0, 0, 0, 0, 0, 0) 1 (105, 105) 0
1 (0, 3, 0, 0, 0, 0, 0, 0, 0) 1 (113, 107) 0
2 (0, 3, 0, 0, 0, 0, 0, 0, 0) -1 (102, 106) 0
3 (0, 3, 0, 0, 0, 0, 0, 0, 0) -1 (106, 106) 0
(103, 101) 1
(103, 103) 1
(106, 106) 1
(114, 108) 1
(102, 106) 1
(104, 106) 1
0 (0, 3, 0, 0, 0, 0, 0, 0, 0) -1 (104, 106) 0
1 (0, 3, 0, 0, 0, 0, 0, 0, 0) 1 (113, 107) 0
2 (0, 3, 0, 0, 0, 0, 0, 0, 0) 1 (103, 105) 0
3 (0, 3, 0, 0, 0, 0, 0, 0, 0) -1 (106, 106) 0
(103, 101) 1
(106, 106) 1
(114, 108) 1
(102, 106) 1
(104, 106) 1
(104, 104) 1
(115, 107) 1
0 (0, 3, 0, 0, 0, 0, 0, 0, 0) -1 (104, 106) 0
1 (0, 3, 0, 0, 0, 0, 0, 0, 0) -1 (115, 107) 0
2 (0, 3, 0, 0, 0, 0, 0, 0, 0) -1 (104, 104) 0
3 (0, 3, 0, 0, 0, 0, 0, 0, 0) 1 (103, 103) 0
(103, 101) 1
(102, 106) 1
(104, 106) 1
(104, 104) 1
(115, 107) 1
(104, 102) 1
0 (0, 3, 0, 0, 0, 0, 0, 0, 0) 1 (106, 106) 0
1 (0, 3, 0, 0, 0, 0, 0, 0, 0) 1 (114, 108) 0
2 (0, 3, 0, 0, 0, 0, 0, 0, 0) -1 (104, 104) 0
3 (0, 3, 0, 0, 0, 0, 0, 0, 0) -1 (104, 102) 0
(102, 106) 1
(104, 104) 1
(115, 107) 1
(104, 102) 1
(105, 107) 1
0 (0, 3, 0, 0, 0, 0, 0, 0, 0) -1 (105, 107) 0
1 (0, 3, 0, 0, 0, 0, 0, 0, 0) 1 (114, 108) 0
2 (0, 3, 0, 0, 0, 0, 0, 0, 0) 1 (104, 106) 0
3 (0, 3, 0, 0, 0, 0, 0, 0, 0) 1 (103, 101) 0
(102, 106) 1
(104, 104) 1
(115, 107) 1
(104, 102) 1
(105, 107) 1
(105, 105) 1
(116, 108) 1
0 (0, 3, 0, 0, 0, 0, 0, 0, 0) -1 (105, 107) 0
1 (0, 3, 0, 0, 0, 0, 0, 0, 0) -1 (116, 108) 0
2 (0, 3, 0, 0, 0, 0, 0, 0, 0) -1 (105, 105) 0
3 (0, 3, 0, 0, 0, 0, 0, 0, 0) 1 (103, 101) 0
(102, 106) 1
(104, 102) 1
(105, 107) 1
(116, 108) 1
(105, 101) 1
0 (0, 3, 0, 0, 0, 0, 0, 0, 0) 1 (105, 105) 0
1 (0, 3, 0, 0, 0, 0, 0, 0, 0) 1 (115, 107) 0
2 (0, 3, 0, 0, 0, 0, 0, 0, 0) 1 (104, 104) 0
3 (0, 3, 0, 0, 0, 0, 0, 0, 0) -1 (105, 101) 0
(102, 106) 1
(105, 107) 1
(116, 108) 1
(105, 101) 1
(105, 103) 1
(106, 106) 1
0 (0, 3, 0, 0, 0, 0, 0, 0, 0) -1 (106, 106) 0
1 (0, 3, 0, 0, 0, 0, 0, 0, 0) 1 (115, 107) 0
2 (0, 3, 0, 0, 0, 0, 0, 0, 0) -1 (105, 103) 0
3 (0, 3, 0, 0, 0, 0, 0, 0, 0) 1 (104, 102) 0
(102, 106) 1
(116, 108) 1
(105, 101) 1
(105, 103) 1
(106, 106) 1
(117, 107) 1
0 (0, 3, 0, 0, 0, 0, 0, 0, 0) 1 (105, 107) 0
1 (0, 3, 0, 0, 0, 0, 0, 0, 0) -1 (117, 107) 0
2 (0, 3, 0, 0, 0, 0, 0, 0, 0) -1 (105, 103) 0
3 (0, 3, 0, 0, 0, 0, 0, 0, 0) 1 (104, 102) 0
(102, 106) 1
(105, 103) 1
(106, 106) 1
(117, 107) 1
(106, 100) 1
0 (0, 3, 0, 0, 0, 0, 0, 0, 0) 1 (105, 107) 0
1 (0, 3, 0, 0, 0, 0, 0, 0, 0) 1 (116, 108) 0
2 (0, 3, 0, 0, 0, 0, 0, 0, 0) 1 (105, 101) 0
3 (0, 3, 0, 0, 0, 0, 0, 0, 0) -1 (106, 100) 0
(102, 106) 1
(105, 103) 1
(106, 106) 1
(117, 107) 1
(106, 100) 1
(106, 102) 1
(107, 107) 1
0 (0, 3, 0, 0, 0, 0, 0, 0, 0) -1 (107, 107) 0
1 (0, 3, 0, 0, 0, 0, 0, 0, 0) 1 (116, 108) 0
2 (0, 3, 0, 0, 0, 0, 0, 0, 0) -1 (106, 102) 0
3 (0, 3, 0, 0, 0, 0, 0, 0, 0) -1 (106, 100) 0
(102, 106) 1
(117, 107) 1
(106, 100) 1
(107, 107) 1
(118, 108) 1
0 (0, 3, 0, 0, 0, 0, 0, 0, 0) 1 (106, 106) 0
1 (0, 3, 0, 0, 0, 0, 0, 0, 0) -1 (118, 108) 0
2 (0, 3, 0, 0, 0, 0, 0, 0, 0) 1 (105, 103) 0
3 (0, 3, 0, 0, 0, 0, 0, 0, 0) 1 (106, 102) 0
(102, 106) 1
(106, 100) 1
(107, 107) 1
(118, 108) 1
(107, 101) 1
0 (0, 3, 0, 0, 0, 0, 0, 0, 0) 1 (106, 106) 0
1 (0, 3, 0, 0, 0, 0, 0, 0, 0) 1 (117, 107) 0
2 (0, 3, 0, 0, 0, 0, 0, 0, 0) 1 (105, 103) 0
3 (0, 3, 0, 0, 0, 0, 0, 0, 0) -1 (107, 101) 0
(102, 106) 1
(107, 107) 1
(118, 108) 1
(107, 101) 1
(105, 101) 1
(108, 106) 1
0 (0, 3, 0, 0, 0, 0, 0, 0, 0) -1 (108, 106) 0
1 (0, 3, 0, 0, 0, 0, 0, 0, 0) 1 (117, 107) 0
2 (0, 3, 0, 0, 0, 0, 0, 0, 0) -1 (105, 101) 0
3 (0, 3, 0, 0, 0, 0, 0, 0, 0) 1 (106, 100) 0
(102, 106) 1
(118, 108) 1
(107, 101) 1
(105, 101) 1
(108, 106) 1
(119, 107) 1
0 (0, 3, 0, 0, 0, 0, 0, 0, 0) 1 (107, 107) 0
1 (0, 3, 0, 0, 0, 0, 0, 0, 0) -1 (119, 107) 0
2 (0, 3, 0, 0, 0, 0, 0, 0, 0) -1 (105, 101) 0
3 (0, 3, 0, 0, 0, 0, 0, 0, 0) 1 (106, 100) 0
(102, 106) 1
(105, 101) 1
(108, 106) 1
(119, 107) 1
(108, 100) 1
0 (0, 3, 0, 0, 0, 0, 0, 0, 0) 1 (107, 107) 0
1 (0, 3, 0, 0, 0, 0, 0, 0, 0) 1 (118, 108) 0
2 (0, 3, 0, 0, 0, 0, 0, 0, 0) 1 (107, 101) 0
3 (0, 3, 0, 0, 0, 0, 0, 0, 0) -1 (108, 100) 0
(102, 106) 1
(105, 101) 1
(108, 106) 1
(119, 107) 1
(108, 100) 1
(106, 102) 1
(109, 107) 1
0 (0, 3, 0, 0, 0, 0, 0, 0, 0) -1 (109, 107) 0
1 (0, 3, 0, 0, 0, 0, 0, 0, 0) 1 (118, 108) 0
2 (0, 3, 0, 0, 0, 0, 0, 0, 0) -1 (106, 102) 0
3 (0, 3, 0, 0, 0, 0, 0, 0, 0) -1 (108, 100) 0
(102, 106) 1
(119, 107) 1
(108, 100) 1
(109, 107) 1
(120, 108) 1
0 (0, 3, 0, 0, 0, 0, 0, 0, 0) 1 (108, 106) 0
1 (0, 3, 0, 0, 0, 0, 0, 0, 0) -1 (120, 108) 0
2 (0, 3, 0, 0, 0, 0, 0, 0, 0) 1 (105, 101) 0
3 (0, 3, 0, 0, 0, 0, 0, 0, 0) 1 (106, 102) 0
(102, 106) 1
(108, 100) 1
(109, 107) 1
(120, 108) 1
(107, 101) 1
0 (0, 3, 0, 0, 0, 0, 0, 0, 0) 1 (108, 106) 0
1 (0, 3, 0, 0, 0, 0, 0, 0, 0) 1 (119, 107) 0
2 (0, 3, 0, 0, 0, 0, 0, 0, 0) 1 (105, 101) 0
3 (0, 3, 0, 0, 0, 0, 0, 0, 0) -1 (107, 101) 0
(102, 106) 1
(109, 107) 1
(120, 108) 1
(107, 101) 1
(107, 99) 1
(110, 106) 1
0 (0, 3, 0, 0, 0, 0, 0, 0, 0) -1 (110, 106) 0
1 (0, 3, 0, 0, 0, 0, 0, 0, 0) 1 (119, 107) 0
2 (0, 3, 0, 0, 0, 0, 0, 0, 0) -1 (107, 99) 0
3 (0, 3, 0, 0, 0, 0, 0, 0, 0) 1 (108, 100) 0
(102, 106) 1
(120, 108) 1
(107, 101) 1
(107, 99) 1
(110, 106) 1
(121, 107) 1
0 (0, 3, 0, 0, 0, 0, 0, 0, 0) 1 (109, 107) 0
1 (0, 3, 0, 0, 0, 0, 0, 0, 0) -1 (121, 107) 0
2 (0, 3, 0, 0, 0, 0, 0, 0, 0) -1 (107, 99) 0
3 (0, 3, 0, 0, 0, 0, 0, 0, 0) 1 (108, 100) 0
(102, 106) 1
(107, 99) 1
(110, 106) 1
(121, 107) 1
(108, 102) 1
0 (0, 3, 0, 0, 0, 0, 0, 0, 0) 1 (109, 107) 0
1 (0, 3, 0, 0, 0, 0, 0, 0, 0) 1 (120, 108) 0
2 (0, 3, 0, 0, 0, 0, 0, 0, 0) 1 (107, 101) 0
3 (0, 3, 0, 0, 0, 0, 0, 0, 0) -1 (108, 102) 0
(102, 106) 1
(107, 99) 1
(110, 106) 1
(121, 107) 1
(108, 102) 1
(108, 100) 1
(111, 107) 1
0 (0, 3, 0, 0, 0, 0, 0, 0, 0) -1 (111, 107) 0
1 (0, 3, 0, 0, 0, 0, 0, 0, 0) 1 (120, 108) 0
2 (0, 3, 0, 0, 0, 0, 0, 0, 0) -1 (108, 100) 0
3 (0, 3, 0, 0, 0, 0, 0, 0, 0) -1 (108, 102) 0
(102, 106) 1
(121, 107) 1
(108, 102) 1
(111, 107) 1
(122, 108) 1
0 (0, 3, 0, 0, 0, 0, 0, 0, 0) 1 (110, 106) 0
1 (0, 3, 0, 0, 0, 0, 0, 0, 0) -1 (122, 108) 0
2 (0, 3, 0, 0, 0, 0, 0, 0, 0) 1 (107, 99) 0
3 (0, 3, 0, 0, 0, 0, 0, 0, 0) 1 (108, 100) 0
(102, 106) 1
(108, 102) 1
(111, 107) 1
(122, 108) 1
(109, 101) 1
0 (0, 3, 0, 0, 0, 0, 0, 0, 0) 1 (110, 106) 0
1 (0, 3, 0, 0, 0, 0, 0, 0, 0) 1 (121, 107) 0
2 (0, 3, 0, 0, 0, 0, 0, 0, 0) 1 (107, 99) 0
3 (0, 3, 0, 0, 0, 0, 0, 0, 0) -1 (109, 101) 0
(102, 106) 1
(111, 107) 1
(122, 108) 1
(109, 101) 1
(107, 101) 1
(112, 106) 1
0 (0, 3, 0, 0, 0, 0, 0, 0, 0) -1 (112, 106) 0
1 (0, 3, 0, 0, 0, 0, 0, 0, 0) 1 (121, 107) 0
2 (0, 3, 0, 0, 0, 0, 0, 0, 0) -1 (107, 101) 0
3 (0, 3, 0, 0, 0, 0, 0, 0, 0) 1 (108, 102) 0
(102, 106) 1
(122, 108) 1
(109, 101) 1
(107, 101) 1
(112, 106) 1
(123, 107) 1
0 (0, 3, 0, 0, 0, 0, 0, 0, 0) 1 (111, 107) 0
1 (0, 3, 0, 0, 0, 0, 0, 0, 0) -1 (123, 107) 0
2 (0, 3, 0, 0, 0, 0, 0, 0, 0) -1 (107, 101) 0
3 (0, 3, 0, 0, 0, 0, 0, 0, 0) 1 (108, 102) 0
(102, 106) 1
(107, 101) 1
(112, 106) 1
(123, 107) 1
(110, 102) 1
0 (0, 3, 0, 0, 0, 0, 0, 0, 0) 1 (111, 107) 0
1 (0, 3, 0, 0, 0, 0, 0, 0, 0) 1 (122, 108) 0
2 (0, 3, 0, 0, 0, 0, 0, 0, 0) 1 (109, 101) 0
3 (0, 3, 0, 0, 0, 0, 0, 0, 0) -1 (110, 102) 0
(102, 106) 1
(107, 101) 1
(112, 106) 1
(123, 107) 1
(110, 102) 1
(108, 102) 1
(113, 107) 1
0 (0, 3, 0, 0, 0, 0, 0, 0, 0) -1 (113, 107) 0
1 (0, 3, 0, 0, 0, 0, 0, 0, 0) 1 (122, 108) 0
2 (0, 3, 0, 0, 0, 0, 0, 0, 0) -1 (108, 102) 0
3 (0, 3, 0, 0, 0, 0, 0, 0, 0) -1 (110, 102) 0
(102, 106) 1
(123, 107) 1
(110, 102) 1
(113, 107) 1
(124, 108) 1
0 (0, 3, 0, 0, 0, 0, 0, 0, 0) 1 (112, 106) 0
1 (0, 3, 0, 0, 0, 0, 0, 0, 0) -1 (124, 108) 0
2 (0, 3, 0, 0, 0, 0, 0, 0, 0) 1 (107, 101) 0
3 (0, 3, 0, 0, 0, 0, 0, 0, 0) 1 (108, 102) 0
(102, 106) 1
(110, 102) 1
(113, 107) 1
(124, 108) 1
(109, 103) 1
0 (0, 3, 0, 0, 0, 0, 0, 0, 0) 1 (112, 106) 0
1 (0, 3, 0, 0, 0, 0, 0, 0, 0) 1 (123, 107) 0
2 (0, 3, 0, 0, 0, 0, 0, 0, 0) 1 (107, 101) 0
3 (0, 3, 0, 0, 0, 0, 0, 0, 0) -1 (109, 103) 0
(102, 106) 1
(113, 107) 1
(124, 108) 1
(109, 103) 1
(109, 101) 1
(114, 106) 1
0 (0, 3, 0, 0, 0, 0, 0, 0, 0) -1 (114, 106) 0
1 (0, 3, 0, 0, 0, 0, 0, 0, 0) 1 (123, 107) 0
2 (0, 3, 0, 0, 0, 0, 0, 0, 0) -1 (109, 101) 0
3 (0, 3, 0, 0, 0, 0, 0, 0, 0) 1 (110, 102) 0
(102, 106) 1
(124, 108) 1
(109, 103) 1
(109, 101) 1
(114, 106) 1
(125, 107) 1
0 (0, 3, 0, 0, 0, 0, 0, 0, 0) 1 (113, 107) 0
1 (0, 3, 0, 0, 0, 0, 0, 0, 0) -1 (125, 107) 0
2 (0, 3, 0, 0, 0, 0, 0, 0, 0) -1 (109, 101) 0
3 (0, 3, 0, 0, 0, 0, 0, 0, 0) 1 (110, 102) 0
(102, 106) 1
(109, 101) 1
(114, 106) 1
(125, 107) 1
(110, 104) 1
0 (0, 3, 0, 0, 0, 0, 0, 0, 0) 1 (113, 107) 0
1 (0, 3, 0, 0, 0, 0, 0, 0, 0) 1 (124, 108) 0
2 (0, 3, 0, 0, 0, 0, 0, 0, 0) 1 (109, 103) 0
3 (0, 3, 0, 0, 0, 0, 0, 0, 0) -1 (110, 104) 0
(102, 106) 1
(109, 101) 1
(114, 106) 1
(125, 107) 1
(110, 104) 1
(110, 102) 1
(115, 107) 1
0 (0, 3, 0, 0, 0, 0, 0, 0, 0) -1 (115, 107) 0
1 (0, 3, 0, 0, 0, 0, 0, 0, 0) 1 (124, 108) 0
2 (0, 3, 0, 0, 0, 0, 0, 0, 0) -1 (110, 102) 0
3 (0, 3, 0, 0, 0, 0, 0, 0, 0) -1 (110, 104) 0
(102, 106) 1
(125, 107) 1
(110, 104) 1
(115, 107) 1
(126, 108) 1
0 (0, 3, 0, 0, 0, 0, 0, 0, 0) 1 (114, 106) 0
1 (0, 3, 0, 0, 0, 0, 0, 0, 0) -1 (126, 108) 0
2 (0, 3, 0, 0, 0, 0, 0, 0, 0) 1 (109, 101) 0
3 (0, 3, 0, 0, 0, 0, 0, 0, 0) 1 (110, 102) 0
(102, 106) 1
(110, 104) 1
(115, 107) 1
(126, 108) 1
(111, 103) 1
0 (0, 3, 0, 0, 0, 0, 0, 0, 0) 1 (114, 106) 0
1 (0, 3, 0, 0, 0, 0, 0, 0, 0) 1 (125, 107) 0
2 (0, 3, 0, 0, 0, 0, 0, 0, 0) 1 (109, 101) 0
3 (0, 3, 0, 0, 0, 0, 0, 0, 0) -1 (111, 103) 0
(102, 106) 1
(115, 107) 1
(126, 108) 1
(111, 103) 1
(109, 103) 1
(116, 106) 1
0 (0, 3, 0, 0, 0, 0, 0, 0, 0) -1 (116, 106) 0
1 (0, 3, 0, 0, 0, 0, 0, 0, 0) 1 (125, 107) 0
2 (0, 3, 0, 0, 0, 0, 0, 0, 0) -1 (109, 103) 0
3 (0, 3, 0, 0, 0, 0, 0, 0, 0) 1 (110, 104) 0
(102, 106) 1
(126, 108) 1
(111, 103) 1
(109, 103) 1
(116, 106) 1
(127, 107) 1
0 (0, 3, 0, 0, 0, 0, 0, 0, 0) 1 (115, 107) 0
1 (0, 3, 0, 0, 0, 0, 0, 0, 0) -1 (127, 107) 0
2 (0, 3, 0, 0, 0, 0, 0, 0, 0) -1 (109, 103) 0
3 (0, 3, 0, 0, 0, 0, 0, 0, 0) 1 (110, 104) 0
(102, 106) 1
(109, 103) 1
(116, 106) 1
(127, 107) 1
(112, 104) 1
0 (0, 3, 0, 0, 0, 0, 0, 0, 0) 1 (115, 107) 0
1 (0, 3, 0, 0, 0, 0, 0, 0, 0) 1 (126, 108) 0
2 (0, 3, 0, 0, 0, 0, 0, 0, 0) 1 (111, 103) 0
3 (0, 3, 0, 0, 0, 0, 0, 0, 0) -1 (112, 104) 0
(102, 106) 1
(109, 103) 1
(116, 106) 1
(127, 107) 1
(112, 104) 1
(110, 104) 1
(117, 107) 1
0 (0, 3, 0, 0, 0, 0, 0, 0, 0) -1 (117, 107) 0
1 (0, 3, 0, 0, 0, 0, 0, 0, 0) 1 (126, 108) 0
2 (0, 3, 0, 0, 0, 0, 0, 0, 0) -1 (110, 104) 0
3 (0, 3, 0, 0, 0, 0, 0, 0, 0) -1 (112, 104) 0
(102, 106) 1
(127, 107) 1
(112, 104) 1
(117, 107) 1
(128, 108) 1
0 (0, 3, 0, 0, 0, 0, 0, 0, 0) 1 (116, 106) 0
1 (0, 3, 0, 0, 0, 0, 0, 0, 0) -1 (128, 108) 0
2 (0, 3, 0, 0, 0, 0, 0, 0, 0) 1 (109, 103) 0
3 (0, 3, 0, 0, 0, 0, 0, 0, 0) 1 (110, 104) 0
(102, 106) 1
(112, 104) 1
(117, 107) 1
(128, 108) 1
(111, 105) 1
0 (0, 3, 0, 0, 0, 0, 0, 0, 0) 1 (116, 106) 0
1 (0, 3, 0, 0, 0, 0, 0, 0, 0) 1 (127, 107) 0
2 (0, 3, 0, 0, 0, 0, 0, 0, 0) 1 (109, 103) 0
3 (0, 3, 0, 0, 0, 0, 0, 0, 0) -1 (111, 105) 0
(102, 106) 1
(117, 107) 1
(128, 108) 1
(111, 105) 1
(111, 103) 1
(118, 106) 1
0 (0, 3, 0, 0, 0, 0, 0, 0, 0) -1 (118, 106) 0
1 (0, 3, 0, 0, 0, 0, 0, 0, 0) 1 (127, 107) 0
2 (0, 3, 0, 0, 0, 0, 0, 0, 0) -1 (111, 103) 0
3 (0, 3, 0, 0, 0, 0, 0, 0, 0) 1 (112, 104) 0
(102, 106) 1
(128, 108) 1
(111, 105) 1
(111, 103) 1
(118, 106) 1
(129, 107) 1
0 (0, 3, 0, 0, 0, 0, 0, 0, 0) 1 (117, 107) 0
1 (0, 3, 0, 0, 0, 0, 0, 0, 0) -1 (129, 107) 0
2 (0, 3, 0, 0, 0, 0, 0, 0, 0) -1 (111, 103) 0
3 (0, 3, 0, 0, 0, 0, 0, 0, 0) 1 (112, 104) 0
(102, 106) 1
(111, 103) 1
(118, 106) 1
(129, 107) 1
(112, 106) 1
0 (0, 3, 0, 0, 0, 0, 0, 0, 0) 1 (117, 107) 0
1 (0, 3, 0, 0, 0, 0, 0, 0, 0) 1 (128, 108) 0
2 (0, 3, 0, 0, 0, 0, 0, 0, 0) 1 (111, 105) 0
3 (0, 3, 0, 0, 0, 0, 0, 0, 0) -1 (112, 106) 0
(102, 106) 1
(111, 103) 1
(118, 106) 1
(129, 107) 1
(112, 106) 1
(112, 104) 1
(119, 107) 1
0 (0, 3, 0, 0, 0, 0, 0, 0, 0) -1 (119, 107) 0
1 (0, 3, 0, 0, 0, 0, 0, 0, 0) 1 (128, 108) 0
2 (0, 3, 0, 0, 0, 0, 0, 0, 0) -1 (112, 104) 0
3 (0, 3, 0, 0, 0, 0, 0, 0, 0) -1 (112, 106) 0
(102, 106) 1
(129, 107) 1
(112, 106) 1
(119, 107) 1
(130, 108) 1
0 (0, 3, 0, 0, 0, 0, 0, 0, 0) 1 (118, 106) 0
1 (0, 3, 0, 0, 0, 0, 0, 0, 0) -1 (130, 108) 0
2 (0, 3, 0, 0, 0, 0, 0, 0, 0) 1 (111, 103) 0
3 (0, 3, 0, 0, 0, 0, 0, 0, 0) 1 (112, 104) 0
(102, 106) 1
(112, 106) 1
(119, 107) 1
(130, 108) 1
(113, 105) 1
0 (0, 3, 0, 0, 0, 0, 0, 0, 0) 1 (118, 106) 0
1 (0, 3, 0, 0, 0, 0, 0, 0, 0) 1 (129, 107) 0
2 (0, 3, 0, 0, 0, 0, 0, 0, 0) 1 (111, 103) 0
3 (0, 3, 0, 0, 0, 0, 0, 0, 0) -1 (113, 105) 0
(102, 106) 1
(119, 107) 1
(130, 108) 1
(113, 105) 1
(111, 105) 1
(120, 106) 1
0 (0, 3, 0, 0, 0, 0, 0, 0, 0) -1 (120, 106) 0
1 (0, 3, 0, 0, 0, 0, 0, 0, 0) 1 (129, 107) 0
2 (0, 3, 0, 0, 0, 0, 0, 0, 0) -1 (111, 105) 0
3 (0, 3, 0, 0, 0, 0, 0, 0, 0) 1 (112, 106) 0
(102, 106) 1
(130, 108) 1
(113, 105) 1
(111, 105) 1
(120, 106) 1
(131, 107) 1
0 (0, 3, 0, 0, 0, 0, 0, 0, 0) 1 (119, 107) 0
1 (0, 3, 0, 0, 0, 0, 0, 0, 0) -1 (131, 107) 0
2 (0, 3, 0, 0, 0, 0, 0, 0, 0) -1 (111, 105) 0
3 (0, 3, 0, 0, 0, 0, 0, 0, 0) 1 (112, 106) 0
(102, 106) 1
(111, 105) 1
(120, 106) 1
(131, 107) 1
(114, 106) 1
0 (0, 3, 0, 0, 0, 0, 0, 0, 0) 1 (119, 107) 0
1 (0, 3, 0, 0, 0, 0, 0, 0, 0) 1 (130, 108) 0
2 (0, 3, 0, 0, 0, 0, 0, 0, 0) 1 (113, 105) 0
3 (0, 3, 0, 0, 0, 0, 0, 0, 0) -1 (114, 106) 0
(102, 106) 1
(111, 105) 1
(120, 106) 1
(131, 107) 1
(114, 106) 1
(112, 106) 1
(121, 107) 1
0 (0, 3, 0, 0, 0, 0, 0, 0, 0) -1 (121, 107) 0
1 (0, 3, 0, 0, 0, 0, 0, 0, 0) 1 (130, 108) 0
2 (0, 3, 0, 0, 0, 0, 0, 0, 0) -1 (112, 106) 0
3 (0, 3, 0, 0, 0, 0, 0, 0, 0) -1 (114, 106) 0
(102, 106) 1
(131, 107) 1
(114, 106) 1
(121, 107) 1
(132, 108) 1
0 (0, 3, 0, 0, 0, 0, 0, 0, 0) 1 (120, 106) 0
1 (0, 3, 0, 0, 0, 0, 0, 0, 0) -1 (132, 108) 0
2 (0, 3, 0, 0, 0, 0, 0, 0, 0) 1 (111, 105) 0
3 (0, 3, 0, 0, 0, 0, 0, 0, 0) 1 (112, 106) 0
(102, 106) 1
(114, 106) 1
(121, 107) 1
(132, 108) 1
(113, 107) 1
0 (0, 3, 0, 0, 0, 0, 0, 0, 0) 1 (120, 106) 0
1 (0, 3, 0, 0, 0, 0, 0, 0, 0) 1 (131, 107) 0
2 (0, 3, 0, 0, 0, 0, 0, 0, 0) 1 (111, 105) 0
3 (0, 3, 0, 0, 0, 0, 0, 0, 0) -1 (113, 107) 0
(102, 106) 1
(121, 107) 1
(132, 108) 1
(113, 107) 1
(113, 105) 1
(122, 106) 1
0 (0, 3, 0, 0, 0, 0, 0, 0, 0) -1 (122, 106) 0
1 (0, 3, 0, 0, 0, 0, 0, 0, 0) 1 (131, 107) 0
2 (0, 3, 0, 0, 0, 0, 0, 0, 0) -1 (113, 105) 0
3 (0, 3, 0, 0, 0, 0, 0, 0, 0) 1 (114, 106) 0
(102, 106) 1
(132, 108) 1
(113, 107) 1
(113, 105) 1
(122, 106) 1
(133, 107) 1
0 (0, 3, 0, 0, 0, 0, 0, 0, 0) 1 (121, 107) 0
1 (0, 3, 0, 0, 0, 0, 0, 0, 0) -1 (133, 107) 0
2 (0, 3, 0, 0, 0, 0, 0, 0, 0) -1 (113, 105) 0
3 (0, 3, 0, 0, 0, 0, 0, 0, 0) 1 (114, 106) 0
(102, 106) 1
(113, 105) 1
(122, 106) 1
(133, 107) 1
(114, 108) 1
0 (0, 3, 0, 0, 0, 0, 0, 0, 0) 1 (121, 107) 0
1 (0, 3, 0, 0, 0, 0, 0, 0, 0) 1 (132, 108) 0
2 (0, 3, 0, 0, 0, 0, 0, 0, 0) 1 (113, 107) 0
3 (0, 3, 0, 0, 0, 0, 0, 0, 0) -1 (114, 108) 0
(102, 106) 1
(113, 105) 1
(122, 106) 1
(133, 107) 1
(114, 108) 1
(114, 106) 1
(123, 107) 1
0 (0, 3, 0, 0, 0, 0, 0, 0, 0) -1 (123, 107) 0
1 (0, 3, 0, 0, 0, 0, 0, 0, 0) 1 (132, 108) 0
2 (0, 3, 0, 0, 0, 0, 0, 0, 0) -1 (114, 106) 0
3 (0, 3, 0, 0, 0, 0, 0, 0, 0) -1 (114, 108) 0
(102, 106) 1
(133, 107) 1
(114, 108) 1
(123, 107) 1
(134, 108) 1
0 (0, 3, 0, 0, 0, 0, 0, 0, 0) 1 (122, 106) 0
1 (0, 3, 0, 0, 0, 0, 0, 0, 0) -1 (134, 108) 0
2 (0, 3, 0, 0, 0, 0, 0, 0, 0) 1 (113, 105) 0
3 (0, 3, 0, 0, 0, 0, 0, 0, 0) 1 (114, 106) 0
(102, 106) 1
(114, 108) 1
(123, 107) 1
(134, 108) 1
(115, 107) 1
0 (0, 3, 0, 0, 0, 0, 0, 0, 0) 1 (122, 106) 0
1 (0, 3, 0, 0, 0, 0, 0, 0, 0) 1 (133, 107) 0
2 (0, 3, 0, 0, 0, 0, 0, 0, 0) 1 (113, 105) 0
3 (0, 3, 0, 0, 0, 0, 0, 0, 0) -1 (115, 107) 0
(102, 106) 1
(123, 107) 1
(134, 108) 1
(115, 107) 1
(113, 107) 1
(124, 106) 1
0 (0, 3, 0, 0, 0, 0, 0, 0, 0) -1 (124, 106) 0
1 (0, 3, 0, 0, 0, 0, 0, 0, 0) 1 (133, 107) 0
2 (0, 3, 0, 0, 0, 0, 0, 0, 0) -1 (113, 107) 0
3 (0, 3, 0, 0, 0, 0, 0, 0, 0) 1 (114, 108) 0
(102, 106) 1
(134, 108) 1
(115, 107) 1
(113, 107) 1
(124, 106) 1
(135, 107) 1
0 (0, 3, 0, 0, 0, 0, 0, 0, 0) 1 (123, 107) 0
1 (0, 3, 0, 0, 0, 0, 0, 0, 0) -1 (135, 107) 0
2 (0, 3, 0, 0, 0, 0, 0, 0, 0) -1 (113, 107) 0
3 (0, 3, 0, 0, 0, 0, 0, 0, 0) 1 (114, 108) 0
(102, 106) 1
(113, 107) 1
(124, 106) 1
(135, 107) 1
(116, 108) 1
0 (0, 3, 0, 0, 0, 0, 0, 0, 0) 1 (123, 107) 0
1 (0, 3, 0, 0, 0, 0, 0, 0, 0) 1 (134, 108) 0
2 (0, 3, 0, 0, 0, 0, 0, 0, 0) 1 (115, 107) 0
3 (0, 3, 0, 0, 0, 0, 0, 0, 0) -1 (116, 108) 0
(102, 106) 1
(113, 107) 1
(124, 106) 1
(135, 107) 1
(116, 108) 1
(114, 108) 1
(125, 107) 1
0 (0, 3, 0, 0, 0, 0, 0, 0, 0) -1 (125, 107) 0
1 (0, 3, 0, 0, 0, 0, 0, 0, 0) 1 (134, 108) 0
2 (0, 3, 0, 0, 0, 0, 0, 0, 0) -1 (114, 108) 0
3 (0, 3, 0, 0, 0, 0, 0, 0, 0) -1 (116, 108) 0
(102, 106) 1
(135, 107) 1
(116, 108) 1
(125, 107) 1
(136, 108) 1
0 (0, 3, 0, 0, 0, 0, 0, 0, 0) 1 (124, 106) 0
1 (0, 3, 0, 0, 0, 0, 0, 0, 0) -1 (136, 108) 0
2 (0, 3, 0, 0, 0, 0, 0, 0, 0) 1 (113, 107) 0
3 (0, 3, 0, 0, 0, 0, 0, 0, 0) 1 (114, 108) 0
(102, 106) 1
(116, 108) 1
(125, 107) 1
(136, 108) 1
(115, 109) 1
0 (0, 3, 0, 0, 0, 0, 0, 0, 0) 1 (124, 106) 0
1 (0, 3, 0, 0, 0, 0, 0, 0, 0) 1 (135, 107) 0
2 (0, 3, 0, 0, 0, 0, 0, 0, 0) 1 (113, 107) 0
3 (0, 3, 0, 0, 0, 0, 0, 0, 0) -1 (115, 109) 0
(102, 106) 1
(125, 107) 1
(136, 108) 1
(115, 109) 1
(115, 107) 1
(126, 106) 1
0 (0, 3, 0, 0, 0, 0, 0, 0, 0) -1 (126, 106) 0
1 (0, 3, 0, 0, 0, 0, 0, 0, 0) 1 (135, 107) 0
2 (0, 3, 0, 0, 0, 0, 0, 0, 0) -1 (115, 107) 0
3 (0, 3, 0, 0, 0, 0, 0, 0, 0) 1 (116, 108) 0
(102, 106) 1
(136, 108) 1
(115, 109) 1
(115, 107) 1
(126, 106) 1
(137, 107) 1
0 (0, 3, 0, 0, 0, 0, 0, 0, 0) 1 (125, 107) 0
1 (0, 3, 0, 0, 0, 0, 0, 0, 0) -1 (137, 107) 0
2 (0, 3, 0, 0, 0, 0, 0, 0, 0) -1 (115, 107) 0
3 (0, 3, 0, 0, 0, 0, 0, 0, 0) 1 (116, 108) 0
(102, 106) 1
(115, 107) 1
(126, 106) 1
(137, 107) 1
(116, 110) 1
0 (0, 3, 0, 0, 0, 0, 0, 0, 0) 1 (125, 107) 0
1 (0, 3, 0, 0, 0, 0, 0, 0, 0) 1 (136, 108) 0
2 (0, 3, 0, 0, 0, 0, 0, 0, 0) 1 (115, 109) 0
3 (0, 3, 0, 0, 0, 0, 0, 0, 0) -1 (116, 110) 0
(102, 106) 1
(115, 107) 1
(126, 106) 1
(137, 107) 1
(116, 110) 1
(116, 108) 1
(127, 107) 1
0 (0, 3, 0, 0, 0, 0, 0, 0, 0) -1 (127, 107) 0
1 (0, 3, 0, 0, 0, 0, 0, 0, 0) 1 (136, 108) 0
2 (0, 3, 0, 0, 0, 0, 0, 0, 0) -1 (116, 108) 0
3 (0, 3, 0, 0, 0, 0, 0, 0, 0) -1 (116, 110) 0
(102, 106) 1
(137, 107) 1
(116, 110) 1
(127, 107) 1
(138, 108) 1
0 (0, 3, 0, 0, 0, 0, 0, 0, 0) 1 (126, 106) 0
1 (0, 3, 0, 0, 0, 0, 0, 0, 0) -1 (138, 108) 0
2 (0, 3, 0, 0, 0, 0, 0, 0, 0) 1 (115, 107) 0
3 (0, 3, 0, 0, 0, 0, 0, 0, 0) 1 (116, 108) 0
(102, 106) 1
(116, 110) 1
(127, 107) 1
(138, 108) 1
(117, 109) 1
0 (0, 3, 0, 0, 0, 0, 0, 0, 0) 1 (126, 106) 0
1 (0, 3, 0, 0, 0, 0, 0, 0, 0) 1 (137, 107) 0
2 (0, 3, 0, 0, 0, 0, 0, 0, 0) 1 (115, 107) 0
3 (0, 3, 0, 0, 0, 0, 0, 0, 0) -1 (117, 109) 0
(102, 106) 1
(127, 107) 1
(138, 108) 1
(117, 109) 1
(115, 109) 1
(128, 106) 1
0 (0, 3, 0, 0, 0, 0, 0, 0, 0) -1 (128, 106) 0
1 (0, 3, 0, 0, 0, 0, 0, 0, 0) 1 (137, 107) 0
2 (0, 3, 0, 0, 0, 0, 0, 0, 0) -1 (115, 109) 0
3 (0, 3, 0, 0, 0, 0, 0, 0, 0) 1 (116, 110) 0
(102, 106) 1
(138, 108) 1
(117, 109) 1
(115, 109) 1
(128, 106) 1
(139, 107) 1
0 (0, 3, 0, 0, 0, 0, 0, 0, 0) 1 (127, 107) 0
1 (0, 3, 0, 0, 0, 0, 0, 0, 0) -1 (139, 107) 0
2 (0, 3, 0, 0, 0, 0, 0, 0, 0) -1 (115, 109) 0
3 (0, 3, 0, 0, 0, 0, 0, 0, 0) 1 (116, 110) 0
(102, 106) 1
(115, 109) 1
(128, 106) 1
(139, 107) 1
(118, 110) 1
0 (0, 3, 0, 0, 0, 0, 0, 0, 0) 1 (127, 107) 0
1 (0, 3, 0, 0, 0, 0, 0, 0, 0) 1 (138, 108) 0
2 (0, 3, 0, 0, 0, 0, 0, 0, 0) 1 (117, 109) 0
3 (0, 3, 0, 0, 0, 0, 0, 0, 0) -1 (118, 110) 0
(102, 106) 1
(115, 109) 1
(128, 106) 1
(139, 107) 1
(118, 110) 1
(116, 110) 1
(129, 107) 1
0 (0, 3, 0, 0, 0, 0, 0, 0, 0) -1 (129, 107) 0
1 (0, 3, 0, 0, 0, 0, 0, 0, 0) 1 (138, 108) 0
2 (0, 3, 0, 0, 0, 0, 0, 0, 0) -1 (116, 110) 0
3 (0, 3, 0, 0, 0, 0, 0, 0, 0) -1 (118, 110) 0
(102, 106) 1
(139, 107) 1
(118, 110) 1
(129, 107) 1
(140, 108) 1
0 (0, 3, 0, 0, 0, 0, 0, 0, 0) 1 (128, 106) 0
1 (0, 3, 0, 0, 0, 0, 0, 0, 0) -1 (140, 108) 0
2 (0, 3, 0, 0, 0, 0, 0, 0, 0) 1 (115, 109) 0
3 (0, 3, 0, 0, 0, 0, 0, 0, 0) 1 (116, 110) 0
(102, 106) 1
(118, 110) 1
(129, 107) 1
(140, 108) 1
(117, 111) 1
0 (0, 3, 0, 0, 0, 0, 0, 0, 0) 1 (128, 106) 0
1 (0, 3, 0, 0, 0, 0, 0, 0, 0) 1 (139, 107) 0
2 (0, 3, 0, 0, 0, 0, 0, 0, 0) 1 (115, 109) 0
3 (0, 3, 0, 0, 0, 0, 0, 0, 0) -1 (117, 111) 0
(102, 106) 1
(129, 107) 1
(140, 108) 1
(117, 111) 1
(117, 109) 1
(130, 106) 1
0 (0, 3, 0, 0, 0, 0, 0, 0, 0) -1 (130, 106) 0
1 (0, 3, 0, 0, 0, 0, 0, 0, 0) 1 (139, 107) 0
2 (0, 3, 0, 0, 0, 0, 0, 0, 0) -1 (117, 109) 0
3 (0, 3, 0, 0, 0, 0, 0, 0, 0) 1 (118, 110) 0
(102, 106) 1
(140, 108) 1
(117, 111) 1
(117, 109) 1
(130, 106) 1
(141, 107) 1
0 (0, 3, 0, 0, 0, 0, 0, 0, 0) 1 (129, 107) 0
1 (0, 3, 0, 0, 0, 0, 0, 0, 0) -1 (141, 107) 0
2 (0, 3, 0, 0, 0, 0, 0, 0, 0) -1 (117, 109) 0
3 (0, 3, 0, 0, 0, 0, 0, 0, 0) 1 (118, 110) 0
(102, 106) 1
(117, 109) 1
(130, 106) 1
(141, 107) 1
(118, 112) 1
0 (0, 3, 0, 0, 0, 0, 0, 0, 0) 1 (129, 107) 0
1 (0, 3, 0, 0, 0, 0, 0, 0, 0) 1 (140, 108) 0
2 (0, 3, 0, 0, 0, 0, 0, 0, 0) 1 (117, 111) 0
3 (0, 3, 0, 0, 0, 0, 0, 0, 0) -1 (118, 112) 0
(102, 106) 1
(117, 109) 1
(130, 106) 1
(141, 107) 1
(118, 112) 1
(118, 110) 1
(131, 107) 1
0 (0, 3, 0, 0, 0, 0, 0, 0, 0) -1 (131, 107) 0
1 (0, 3, 0, 0, 0, 0, 0, 0, 0) 1 (140, 108) 0
2 (0, 3, 0, 0, 0, 0, 0, 0, 0) -1 (118, 110) 0
3 (0, 3, 0, 0, 0, 0, 0, 0, 0) -1 (118, 112) 0
(102, 106) 1
(141, 107) 1
(118, 112) 1
(131, 107) 1
(142, 108) 1
0 (0, 3, 0, 0, 0, 0, 0, 0, 0) 1 (130, 106) 0
1 (0, 3, 0, 0, 0, 0, 0, 0, 0) -1 (142, 108) 0
2 (0, 3, 0, 0, 0, 0, 0, 0, 0) 1 (117, 109) 0
3 (0, 3, 0, 0, 0, 0, 0, 0, 0) 1 (118, 110) 0
(102, 106) 1
(118, 112) 1
(131, 107) 1
(142, 108) 1
(119, 111) 1
0 (0, 3, 0, 0, 0, 0, 0, 0, 0) 1 (130, 106) 0
1 (0, 3, 0, 0, 0, 0, 0, 0, 0) 1 (141, 107) 0
2 (0, 3, 0, 0, 0, 0, 0, 0, 0) 1 (117, 109) 0
3 (0, 3, 0, 0, 0, 0, 0, 0, 0) -1 (119, 111) 0
(102, 106) 1
(131, 107) 1
(142, 108) 1
(119, 111) 1
(117, 111) 1
(132, 106) 1
0 (0, 3, 0, 0, 0, 0, 0, 0, 0) -1 (132, 106) 0
1 (0, 3, 0, 0, 0, 0, 0, 0, 0) 1 (141, 107) 0
2 (0, 3, 0, 0, 0, 0, 0, 0, 0) -1 (117, 111) 0
3 (0, 3, 0, 0, 0, 0, 0, 0, 0) 1 (118, 112) 0
(102, 106) 1
(142, 108) 1
(119, 111) 1
(117, 111) 1
(132, 106) 1
(143, 107) 1
0 (0, 3, 0, 0, 0, 0, 0, 0, 0) 1 (131, 107) 0
1 (0, 3, 0, 0, 0, 0, 0, 0, 0) -1 (143, 107) 0
2 (0, 3, 0, 0, 0, 0, 0, 0, 0) -1 (117, 111) 0
3 (0, 3, 0, 0, 0, 0, 0, 0, 0) 1 (118, 112) 0
(102, 106) 1
(117, 111) 1
(132, 106) 1
(143, 107) 1
(120, 112) 1
0 (0, 3, 0, 0, 0, 0, 0, 0, 0) 1 (131, 107) 0
1 (0, 3, 0, 0, 0, 0, 0, 0, 0) 1 (142, 108) 0
2 (0, 3, 0, 0, 0, 0, 0, 0, 0) 1 (119, 111) 0
3 (0, 3, 0, 0, 0, 0, 0, 0, 0) -1 (120, 112) 0
(102, 106) 1
(117, 111) 1
(132, 106) 1
(143, 107) 1
(120, 112) 1
(118, 112) 1
(133, 107) 1
0 (0, 3, 0, 0, 0, 0, 0, 0, 0) -1 (133, 107) 0
1 (0, 3, 0, 0, 0, 0, 0, 0, 0) 1 (142, 108) 0
2 (0, 3, 0, 0, 0, 0, 0, 0, 0) -1 (118, 112) 0
3 (0, 3, 0, 0, 0, 0, 0, 0, 0) -1 (120, 112) 0
(102, 106) 1
(143, 107) 1
(120, 112) 1
(133, 107) 1
(144, 108) 1
0 (0, 3, 0, 0, 0, 0, 0, 0, 0) 1 (132, 106) 0
1 (0, 3, 0, 0, 0, 0, 0, 0, 0) -1 (144, 108) 0
2 (0, 3, 0, 0, 0, 0, 0, 0, 0) 1 (117, 111) 0
3 (0, 3, 0, 0, 0, 0, 0, 0, 0) 1 (118, 112) 0
(102, 106) 1
(120, 112) 1
(133, 107) 1
(144, 108) 1
(119, 113) 1
0 (0, 3, 0, 0, 0, 0, 0, 0, 0) 1 (132, 106) 0
1 (0, 3, 0, 0, 0, 0, 0, 0, 0) 1 (143, 107) 0
2 (0, 3, 0, 0, 0, 0, 0, 0, 0) 1 (117, 111) 0
3 (0, 3, 0, 0, 0, 0, 0, 0, 0) -1 (119, 113) 0
(102, 106) 1
(133, 107) 1
(144, 108) 1
(119, 113) 1
(119, 111) 1
(134, 106) 1
0 (0, 3, 0, 0, 0, 0, 0, 0, 0) -1 (134, 106) 0
1 (0, 3, 0, 0, 0, 0, 0, 0, 0) 1 (143, 107) 0
2 (0, 3, 0, 0, 0, 0, 0, 0, 0) -1 (119, 111) 0
3 (0, 3, 0, 0, 0, 0, 0, 0, 0) 1 (120, 112) 0
(102, 106) 1
(144, 108) 1
(119, 113) 1
(119, 111) 1
(134, 106) 1
(145, 107) 1
0 (0, 3, 0, 0, 0, 0, 0, 0, 0) 1 (133, 107) 0
1 (0, 3, 0, 0, 0, 0, 0, 0, 0) -1 (145, 107) 0
2 (0, 3, 0, 0, 0, 0, 0, 0, 0) -1 (119, 111) 0
3 (0, 3, 0, 0, 0, 0, 0, 0, 0) 1 (120, 112) 0
(102, 106) 1
(119, 111) 1
(134, 106) 1
(145, 107) 1
(120, 114) 1
0 (0, 3, 0, 0, 0, 0, 0, 0, 0) 1 (133, 107) 0
1 (0, 3, 0, 0, 0, 0, 0, 0, 0) 1 (144, 108) 0
2 (0, 3, 0, 0, 0, 0, 0, 0, 0) 1 (119, 113) 0
3 (0, 3, 0, 0, 0, 0, 0, 0, 0) -1 (120, 114) 0
(102, 106) 1
(119, 111) 1
(134, 106) 1
(145, 107) 1
(120, 114) 1
(120, 112) 1
(135, 107) 1
0 (0, 3, 0, 0, 0, 0, 0, 0, 0) -1 (135, 107) 0
1 (0, 3, 0, 0, 0, 0, 0, 0, 0) 1 (144, 108) 0
2 (0, 3, 0, 0, 0, 0, 0, 0, 0) -1 (120, 112) 0
3 (0, 3, 0, 0, 0, 0, 0, 0, 0) -1 (120, 114) 0
(102, 106) 1
(145, 107) 1
(120, 114) 1
(135, 107) 1
(146, 108) 1
0 (0, 3, 0, 0, 0, 0, 0, 0, 0) 1 (134, 106) 0
1 (0, 3, 0, 0, 0, 0, 0, 0, 0) -1 (146, 108) 0
2 (0, 3, 0, 0, 0, 0, 0, 0, 0) 1 (119, 111) 0
3 (0, 3, 0, 0, 0, 0, 0, 0, 0) 1 (120, 112) 0
(102, 106) 1
(120, 114) 1
(135, 107) 1
(146, 108) 1
(121, 113) 1
0 (0, 3, 0, 0, 0, 0, 0, 0, 0) 1 (134, 106) 0
1 (0, 3, 0, 0, 0, 0, 0, 0, 0) 1 (145, 107) 0
2 (0, 3, 0, 0, 0, 0, 0, 0, 0) 1 (119, 111) 0
3 (0, 3, 0, 0, 0, 0, 0, 0, 0) -1 (121, 113) 0
(102, 106) 1
(135, 107) 1
(146, 108) 1
(121, 113) 1
(119, 113) 1
(136, 106) 1
0 (0, 3, 0, 0, 0, 0, 0, 0, 0) -1 (136, 106) 0
1 (0, 3, 0, 0, 0, 0, 0, 0, 0) 1 (145, 107) 0
2 (0, 3, 0, 0, 0, 0, 0, 0, 0) -1 (119, 113) 0
3 (0, 3, 0, 0, 0, 0, 0, 0, 0) 1 (120, 114) 0
(102, 106) 1
(146, 108) 1
(121, 113) 1
(119, 113) 1
(136, 106) 1
(147, 107) 1
0 (0, 3, 0, 0, 0, 0, 0, 0, 0) 1 (135, 107) 0
1 (0, 3, 0, 0, 0, 0, 0, 0, 0) -1 (147, 107) 0
2 (0, 3, 0, 0, 0, 0, 0, 0, 0) -1 (119, 113) 0
3 (0, 3, 0, 0, 0, 0, 0, 0, 0) 1 (120, 114) 0
(102, 106) 1
(119, 113) 1
(136, 106) 1
(147, 107) 1
(122, 114) 1
0 (0, 3, 0, 0, 0, 0, 0, 0, 0) 1 (135, 107) 0
1 (0, 3, 0, 0, 0, 0, 0, 0, 0) 1 (146, 108) 0
2 (0, 3, 0, 0, 0, 0, 0, 0, 0) 1 (121, 113) 0
3 (0, 3, 0, 0, 0, 0, 0, 0, 0) -1 (122, 114) 0
(102, 106) 1
(119, 113) 1
(136, 106) 1
(147, 107) 1
(122, 114) 1
(120, 114) 1
(137, 107) 1
0 (0, 3, 0, 0, 0, 0, 0, 0, 0) -1 (137, 107) 0
1 (0, 3, 0, 0, 0, 0, 0, 0, 0) 1 (146, 108) 0
2 (0, 3, 0, 0, 0, 0, 0, 0, 0) -1 (120, 114) 0
3 (0, 3, 0, 0, 0, 0, 0, 0, 0) -1 (122, 114) 0
(102, 106) 1
(147, 107) 1
(122, 114) 1
(137, 107) 1
(148, 108) 1
0 (0, 3, 0, 0, 0, 0, 0, 0, 0) 1 (136, 106) 0
1 (0, 3, 0, 0, 0, 0, 0, 0, 0) -1 (148, 108) 0
2 (0, 3, 0, 0, 0, 0, 0, 0, 0) 1 (119, 113) 0
3 (0, 3, 0, 0, 0, 0, 0, 0, 0) 1 (120, 114) 0
(102, 106) 1
(122, 114) 1
(137, 107) 1
(148, 108) 1
(121, 115) 1
0 (0, 3, 0, 0, 0, 0, 0, 0, 0) 1 (136, 106) 0
1 (0, 3, 0, 0, 0, 0, 0, 0, 0) 1 (147, 107) 0
2 (0, 3, 0, 0, 0, 0, 0, 0, 0) 1 (119, 113) 0
3 (0, 3, 0, 0, 0, 0, 0, 0, 0) -1 (121, 115) 0
(102, 106) 1
(137, 107) 1
(148, 108) 1
(121, 115) 1
(121, 113) 1
(138, 106) 1
0 (0, 3, 0, 0, 0, 0, 0, 0, 0) -1 (138, 106) 0
1 (0, 3, 0, 0, 0, 0, 0, 0, 0) 1 (147, 107) 0
2 (0, 3, 0, 0, 0, 0, 0, 0, 0) -1 (121, 113) 0
3 (0, 3, 0, 0, 0, 0, 0, 0, 0) 1 (122, 114) 0
(102, 106) 1
(148, 108) 1
(121, 115) 1
(121, 113) 1
(138, 106) 1
(149, 107) 1
0 (0, 3, 0, 0, 0, 0, 0, 0, 0) 1 (137, 107) 0
1 (0, 3, 0, 0, 0, 0, 0, 0, 0) -1 (149, 107) 0
2 (0, 3, 0, 0, 0, 0, 0, 0, 0) -1 (121, 113) 0
3 (0, 3, 0, 0, 0, 0, 0, 0, 0) 1 (122, 114) 0
(102, 106) 1
(121, 113) 1
(138, 106) 1
(149, 107) 1
(122, 116) 1
0 (0, 3, 0, 0, 0, 0, 0, 0, 0) 1 (137, 107) 0
1 (0, 3, 0, 0, 0, 0, 0, 0, 0) 1 (148, 108) 0
2 (0, 3, 0, 0, 0, 0, 0, 0, 0) 1 (121, 115) 0
3 (0, 3, 0, 0, 0, 0, 0, 0, 0) -1 (122, 116) 0
(102, 106) 1
(121, 113) 1
(138, 106) 1
(149, 107) 1
(122, 116) 1
(122, 114) 1
(139, 107) 1
0 (0, 3, 0, 0, 0, 0, 0, 0, 0) -1 (139, 107) 0
1 (0, 3, 0, 0, 0, 0, 0, 0, 0) 1 (148, 108) 0
2 (0, 3, 0, 0, 0, 0, 0, 0, 0) -1 (122, 114) 0
3 (0, 3, 0, 0, 0, 0, 0, 0, 0) -1 (122, 116) 0
(102, 106) 1
(149, 107) 1
(122, 116) 1
(139, 107) 1
(150, 108) 1
0 (0, 3, 0, 0, 0, 0, 0, 0, 0) 1 (138, 106) 0
1 (0, 3, 0, 0, 0, 0, 0, 0, 0) -1 (150, 108) 0
2 (0, 3, 0, 0, 0, 0, 0, 0, 0) 1 (121, 113) 0
3 (0, 3, 0, 0, 0, 0, 0, 0, 0) 1 (122, 114) 0
(102, 106) 1
(122, 116) 1
(139, 107) 1
(150, 108) 1
(123, 115) 1
0 (0, 3, 0, 0, 0, 0, 0, 0, 0) 1 (138, 106) 0
1 (0, 3, 0, 0, 0, 0, 0, 0, 0) 1 (149, 107) 0
2 (0, 3, 0, 0, 0, 0, 0, 0, 0) 1 (121, 113) 0
3 (0, 3, 0, 0, 0, 0, 0, 0, 0) -1 (123, 115) 0
(102, 106) 1
(139, 107) 1
(150, 108) 1
(123, 115) 1
(121, 115) 1
(140, 106) 1
0 (0, 3, 0, 0, 0, 0, 0, 0, 0) -1 (140, 106) 0
1 (0, 3, 0, 0, 0, 0, 0, 0, 0) 1 (149, 107) 0
2 (0, 3, 0, 0, 0, 0, 0, 0, 0) -1 (121, 115) 0
3 (0, 3, 0, 0, 0, 0, 0, 0, 0) 1 (122, 116) 0
(102, 106) 1
(150, 108) 1
(123, 115) 1
(121, 115) 1
(140, 106) 1
(151, 107) 1
0 (0, 3, 0, 0, 0, 0, 0, 0, 0) 1 (139, 107) 0
1 (0, 3, 0, 0, 0, 0, 0, 0, 0) -1 (151, 107) 0
2 (0, 3, 0, 0, 0, 0, 0, 0, 0) -1 (121, 115) 0
3 (0, 3, 0, 0, 0, 0, 0, 0, 0) 1 (122, 116) 0
(102, 106) 1
(121, 115) 1
(140, 106) 1
(151, 107) 1
(124, 116) 1
0 (0, 3, 0, 0, 0, 0, 0, 0, 0) 1 (139, 107) 0
1 (0, 3, 0, 0, 0, 0, 0, 0, 0) 1 (150, 108) 0
2 (0, 3, 0, 0, 0, 0, 0, 0, 0) 1 (123, 115) 0
3 (0, 3, 0, 0, 0, 0, 0, 0, 0) -1 (124, 116) 0
(102, 106) 1
(121, 115) 1
(140, 106) 1
(151, 107) 1
(124, 116) 1
(122, 116) 1
(141, 107) 1
0 (0, 3, 0, 0, 0, 0, 0, 0, 0) -1 (141, 107) 0
1 (0, 3, 0, 0, 0, 0, 0, 0, 0) 1 (150, 108) 0
2 (0, 3, 0, 0, 0, 0, 0, 0, 0) -1 (122, 116) 0
3 (0, 3, 0, 0, 0, 0, 0, 0, 0) -1 (124, 116) 0
(102, 106) 1
(151, 107) 1
(124, 116) 1
(141, 107) 1
(152, 108) 1
0 (0, 3, 0, 0, 0, 0, 0, 0, 0) 1 (140, 106) 0
1 (0, 3, 0, 0, 0, 0, 0, 0, 0) -1 (152, 108) 0
2 (0, 3, 0, 0, 0, 0, 0, 0, 0) 1 (121, 115) 0
3 (0, 3, 0, 0, 0, 0, 0, 0, 0) 1 (122, 116) 0
(102, 106) 1
(124, 116) 1
(141, 107) 1
(152, 108) 1
(123, 117) 1
0 (0, 3, 0, 0, 0, 0, 0, 0, 0) 1 (140, 106) 0
1 (0, 3, 0, 0, 0, 0, 0, 0, 0) 1 (151, 107) 0
2 (0, 3, 0, 0, 0, 0, 0, 0, 0) 1 (121, 115) 0
3 (0, 3, 0, 0, 0, 0, 0, 0, 0) -1 (123, 117) 0
(102, 106) 1
(141, 107) 1
(152, 108) 1
(123, 117) 1
(123, 115) 1
(142, 106) 1
0 (0, 3, 0, 0, 0, 0, 0, 0, 0) -1 (142, 106) 0
1 (0, 3, 0, 0, 0, 0, 0, 0, 0) 1 (151, 107) 0
2 (0, 3, 0, 0, 0, 0, 0, 0, 0) -1 (123, 115) 0
3 (0, 3, 0, 0, 0, 0, 0, 0, 0) 1 (124, 116) 0
(102, 106) 1
(152, 108) 1
(123, 117) 1
(123, 115) 1
(142, 106) 1
(153, 107) 1
0 (0, 3, 0, 0, 0, 0, 0, 0, 0) 1 (141, 107) 0
1 (0, 3, 0, 0, 0, 0, 0, 0, 0) -1 (153, 107) 0
2 (0, 3, 0, 0, 0, 0, 0, 0, 0) -1 (123, 115) 0
3 (0, 3, 0, 0, 0, 0, 0, 0, 0) 1 (124, 116) 0
(102, 106) 1
(123, 115) 1
(142, 106) 1
(153, 107) 1
(124, 118) 1
0 (0, 3, 0, 0, 0, 0, 0, 0, 0) 1 (141, 107) 0
1 (0, 3, 0, 0, 0, 0, 0, 0, 0) 1 (152, 108) 0
2 (0, 3, 0, 0, 0, 0, 0, 0, 0) 1 (123, 117) 0
3 (0, 3, 0, 0, 0, 0, 0, 0, 0) -1 (124, 118) 0
(102, 106) 1
(123, 115) 1
(142, 106) 1
(153, 107) 1
(124, 118) 1
(124, 116) 1
(143, 107) 1
0 (0, 3, 0, 0, 0, 0, 0, 0, 0) -1 (143, 107) 0
1 (0, 3, 0, 0, 0, 0, 0, 0, 0) 1 (152, 108) 0
2 (0, 3, 0, 0, 0, 0, 0, 0, 0) -1 (124, 116) 0
3 (0, 3, 0, 0, 0, 0, 0, 0, 0) -1 (124, 118) 0
(102, 106) 1
(153, 107) 1
(124, 118) 1
(143, 107) 1
(154, 108) 1
0 (0, 3, 0, 0, 0, 0, 0, 0, 0) 1 (142, 106) 0
1 (0, 3, 0, 0, 0, 0, 0, 0, 0) -1 (154, 108) 0
2 (0, 3, 0, 0, 0, 0, 0, 0, 0) 1 (123, 115) 0
3 (0, 3, 0, 0, 0, 0, 0, 0, 0) 1 (124, 116) 0
(102, 106) 1
(124, 118) 1
(143, 107) 1
(154, 108) 1
(125, 117) 1
0 (0, 3, 0, 0, 0, 0, 0, 0, 0) 1 (142, 106) 0
1 (0, 3, 0, 0, 0, 0, 0, 0, 0) 1 (153, 107) 0
2 (0, 3, 0, 0, 0, 0, 0, 0, 0) 1 (123, 115) 0
3 (0, 3, 0, 0, 0, 0, 0, 0, 0) -1 (125, 117) 0
(102, 106) 1
(143, 107) 1
(154, 108) 1
(125, 117) 1
(123, 117) 1
(144, 106) 1
0 (0, 3, 0, 0, 0, 0, 0, 0, 0) -1 (144, 106) 0
1 (0, 3, 0, 0, 0, 0, 0, 0, 0) 1 (153, 107) 0
2 (0, 3, 0, 0, 0, 0, 0, 0, 0) -1 (123, 117) 0
3 (0, 3, 0, 0, 0, 0, 0, 0, 0) 1 (124, 118) 0
(102, 106) 1
(154, 108) 1
(125, 117) 1
(123, 117) 1
(144, 106) 1
(155, 107) 1
0 (0, 3, 0, 0, 0, 0, 0, 0, 0) 1 (143, 107) 0
1 (0, 3, 0, 0, 0, 0, 0, 0, 0) -1 (155, 107) 0
2 (0, 3, 0, 0, 0, 0, 0, 0, 0) -1 (123, 117) 0
3 (0, 3, 0, 0, 0, 0, 0, 0, 0) 1 (124, 118) 0
(102, 106) 1
(123, 117) 1
(144, 106) 1
(155, 107) 1
(126, 118) 1
0 (0, 3, 0, 0, 0, 0, 0, 0, 0) 1 (143, 107) 0
1 (0, 3, 0, 0, 0, 0, 0, 0, 0) 1 (154, 108) 0
2 (0, 3, 0, 0, 0, 0, 0, 0, 0) 1 (125, 117) 0
3 (0, 3, 0, 0, 0, 0, 0, 0, 0) -1 (126, 118) 0
(102, 106) 1
(123, 117) 1
(144, 106) 1
(155, 107) 1
(126, 118) 1
(124, 118) 1
(145, 107) 1
0 (0, 3, 0, 0, 0, 0, 0, 0, 0) -1 (145, 107) 0
1 (0, 3, 0, 0, 0, 0, 0, 0, 0) 1 (154, 108) 0
2 (0, 3, 0, 0, 0, 0, 0, 0, 0) -1 (124, 118) 0
3 (0, 3, 0, 0, 0, 0, 0, 0, 0) -1 (126, 118) 0
(102, 106) 1
(155, 107) 1
(126, 118) 1
(145, 107) 1
(156, 108) 1
0 (0, 3, 0, 0, 0, 0, 0, 0, 0) 1 (144, 106) 0
1 (0, 3, 0, 0, 0, 0, 0, 0, 0) -1 (156, 108) 0
2 (0, 3, 0, 0, 0, 0, 0, 0, 0) 1 (123, 117) 0
3 (0, 3, 0, 0, 0, 0, 0, 0, 0) 1 (124, 118) 0
(102, 106) 1
(126, 118) 1
(145, 107) 1
(156, 108) 1
(125, 119) 1
0 (0, 3, 0, 0, 0, 0, 0, 0, 0) 1 (144, 106) 0
1 (0, 3, 0, 0, 0, 0, 0, 0, 0) 1 (155, 107) 0
2 (0, 3, 0, 0, 0, 0, 0, 0, 0) 1 (123, 117) 0
3 (0, 3, 0, 0, 0, 0, 0, 0, 0) -1 (125, 119) 0
(102, 106) 1
(145, 107) 1
(156, 108) 1
(125, 119) 1
(125, 117) 1
(146, 106) 1
0 (0, 3, 0, 0, 0, 0, 0, 0, 0) -1 (146, 106) 0
1 (0, 3, 0, 0, 0, 0, 0, 0, 0) 1 (155, 107) 0
2 (0, 3, 0, 0, 0, 0, 0, 0, 0) -1 (125, 117) 0
3 (0, 3, 0, 0, 0, 0, 0, 0, 0) 1 (126, 118) 0
(102, 106) 1
(156, 108) 1
(125, 119) 1
(125, 117) 1
(146, 106) 1
(157, 107) 1
0 (0, 3, 0, 0, 0, 0, 0, 0, 0) 1 (145, 107) 0
1 (0, 3, 0, 0, 0, 0, 0, 0, 0) -1 (157, 107) 0
2 (0, 3, 0, 0, 0, 0, 0, 0, 0) -1 (125, 117) 0
3 (0, 3, 0, 0, 0, 0, 0, 0, 0) 1 (126, 118) 0
(102, 106) 1
(125, 117) 1
(146, 106) 1
(157, 107) 1
(126, 120) 1
0 (0, 3, 0, 0, 0, 0, 0, 0, 0) 1 (145, 107) 0
1 (0, 3, 0, 0, 0, 0, 0, 0, 0) 1 (156, 108) 0
2 (0, 3, 0, 0, 0, 0, 0, 0, 0) 1 (125, 119) 0
3 (0, 3, 0, 0, 0, 0, 0, 0, 0) -1 (126, 120) 0
(102, 106) 1
(125, 117) 1
(146, 106) 1
(157, 107) 1
(126, 120) 1
(126, 118) 1
(147, 107) 1
0 (0, 3, 0, 0, 0, 0, 0, 0, 0) -1 (147, 107) 0
1 (0, 3, 0, 0, 0, 0, 0, 0, 0) 1 (156, 108) 0
2 (0, 3, 0, 0, 0, 0, 0, 0, 0) -1 (126, 118) 0
3 (0, 3, 0, 0, 0, 0, 0, 0, 0) -1 (126, 120) 0
(102, 106) 1
(157, 107) 1
(126, 120) 1
(147, 107) 1
(158, 108) 1
0 (0, 3, 0, 0, 0, 0, 0, 0, 0) 1 (146, 106) 0
1 (0, 3, 0, 0, 0, 0, 0, 0, 0) -1 (158, 108) 0
2 (0, 3, 0, 0, 0, 0, 0, 0, 0) 1 (125, 117) 0
3 (0, 3, 0, 0, 0, 0, 0, 0, 0) 1 (126, 118) 0
(102, 106) 1
(126, 120) 1
(147, 107) 1
(158, 108) 1
(127, 119) 1
0 (0, 3, 0, 0, 0, 0, 0, 0, 0) 1 (146, 106) 0
1 (0, 3, 0, 0, 0, 0, 0, 0, 0) 1 (157, 107) 0
2 (0, 3, 0, 0, 0, 0, 0, 0, 0) 1 (125, 117) 0
3 (0, 3, 0, 0, 0, 0, 0, 0, 0) -1 (127, 119) 0
(102, 106) 1
(147, 107) 1
(158, 108) 1
(127, 119) 1
(125, 119) 1
(148, 106) 1
0 (0, 3, 0, 0, 0, 0, 0, 0, 0) -1 (148, 106) 0
1 (0, 3, 0, 0, 0, 0, 0, 0, 0) 1 (157, 107) 0
2 (0, 3, 0, 0, 0, 0, 0, 0, 0) -1 (125, 119) 0
3 (0, 3, 0, 0, 0, 0, 0, 0, 0) 1 (126, 120) 0
(102, 106) 1
(158, 108) 1
(127, 119) 1
(125, 119) 1
(148, 106) 1
(159, 107) 1
0 (0, 3, 0, 0, 0, 0, 0, 0, 0) 1 (147, 107) 0
1 (0, 3, 0, 0, 0, 0, 0, 0, 0) -1 (159, 107) 0
2 (0, 3, 0, 0, 0, 0, 0, 0, 0) -1 (125, 119) 0
3 (0, 3, 0, 0, 0, 0, 0, 0, 0) 1 (126, 120) 0
(102, 106) 1
(125, 119) 1
(148, 106) 1
(159, 107) 1
(128, 120) 1
0 (0, 3, 0, 0, 0, 0, 0, 0, 0) 1 (147, 107) 0
1 (0, 3, 0, 0, 0, 0, 0, 0, 0) 1 (158, 108) 0
2 (0, 3, 0, 0, 0, 0, 0, 0, 0) 1 (127, 119) 0
3 (0, 3, 0, 0, 0, 0, 0, 0, 0) -1 (128, 120) 0
(102, 106) 1
(125, 119) 1
(148, 106) 1
(159, 107) 1
(128, 120) 1
(126, 120) 1
(149, 107) 1
0 (0, 3, 0, 0, 0, 0, 0, 0, 0) -1 (149, 107) 0
1 (0, 3, 0, 0, 0, 0, 0, 0, 0) 1 (158, 108) 0
2 (0, 3, 0, 0, 0, 0, 0, 0, 0) -1 (126, 120) 0
3 (0, 3, 0, 0, 0, 0, 0, 0, 0) -1 (128, 120) 0
(102, 106) 1
(159, 107) 1
(128, 120) 1
(149, 107) 1
(160, 108) 1
0 (0, 3, 0, 0, 0, 0, 0, 0, 0) 1 (148, 106) 0
1 (0, 3, 0, 0, 0, 0, 0, 0, 0) -1 (160, 108) 0
2 (0, 3, 0, 0, 0, 0, 0, 0, 0) 1 (125, 119) 0
3 (0, 3, 0, 0, 0, 0, 0, 0, 0) 1 (126, 120) 0
(102, 106) 1
(128, 120) 1
(149, 107) 1
(160, 108) 1
(127, 121) 1
0 (0, 3, 0, 0, 0, 0, 0, 0, 0) 1 (148, 106) 0
1 (0, 3, 0, 0, 0, 0, 0, 0, 0) 1 (159, 107) 0
2 (0, 3, 0, 0, 0, 0, 0, 0, 0) 1 (125, 119) 0
3 (0, 3, 0, 0, 0, 0, 0, 0, 0) -1 (127, 121) 0
(102, 106) 1
(149, 107) 1
(160, 108) 1
(127, 121) 1
(127, 119) 1
(150, 106) 1
0 (0, 3, 0, 0, 0, 0, 0, 0, 0) -1 (150, 106) 0
1 (0, 3, 0, 0, 0, 0, 0, 0, 0) 1 (159, 107) 0
2 (0, 3, 0, 0, 0, 0, 0, 0, 0) -1 (127, 119) 0
3 (0, 3, 0, 0, 0, 0, 0, 0, 0) 1 (128, 120) 0
(102, 106) 1
(160, 108) 1
(127, 121) 1
(127, 119) 1
(150, 106) 1
(161, 107) 1
0 (0, 3, 0, 0, 0, 0, 0, 0, 0) 1 (149, 107) 0
1 (0, 3, 0, 0, 0, 0, 0, 0, 0) -1 (161, 107) 0
2 (0, 3, 0, 0, 0, 0, 0, 0, 0) -1 (127, 119) 0
3 (0, 3, 0, 0, 0, 0, 0, 0, 0) 1 (128, 120) 0
(102, 106) 1
(127, 119) 1
(150, 106) 1
(161, 107) 1
(128, 122) 1
0 (0, 3, 0, 0, 0, 0, 0, 0, 0) 1 (149, 107) 0
1 (0, 3, 0, 0, 0, 0, 0, 0, 0) 1 (160, 108) 0
2 (0, 3, 0, 0, 0, 0, 0, 0, 0) 1 (127, 121) 0
3 (0, 3, 0, 0, 0, 0, 0, 0, 0) -1 (128, 122) 0
(102, 106) 1
(127, 119) 1
(150, 106) 1
(161, 107) 1
(128, 122) 1
(128, 120) 1
(151, 107) 1
0 (0, 3, 0, 0, 0, 0, 0, 0, 0) -1 (151, 107) 0
1 (0, 3, 0, 0, 0, 0, 0, 0, 0) 1 (160, 108) 0
2 (0, 3, 0, 0, 0, 0, 0, 0, 0) -1 (128, 120) 0
3 (0, 3, 0, 0, 0, 0, 0, 0, 0) -1 (128, 122) 0
(102, 106) 1
(161, 107) 1
(128, 122) 1
(151, 107) 1
(162, 108) 1
0 (0, 3, 0, 0, 0, 0, 0, 0, 0) 1 (150, 106) 0
1 (0, 3, 0, 0, 0, 0, 0, 0, 0) -1 (162, 108) 0
2 (0, 3, 0, 0, 0, 0, 0, 0, 0) 1 (127, 119) 0
3 (0, 3, 0, 0, 0, 0, 0, 0, 0) 1 (128, 120) 0
(102, 106) 1
(128, 122) 1
(151, 107) 1
(162, 108) 1
(129, 121) 1
0 (0, 3, 0, 0, 0, 0, 0, 0, 0) 1 (150, 106) 0
1 (0, 3, 0, 0, 0, 0, 0, 0, 0) 1 (161, 107) 0
2 (0, 3, 0, 0, 0, 0, 0, 0, 0) 1 (127, 119) 0
3 (0, 3, 0, 0, 0, 0, 0, 0, 0) -1 (129, 121) 0
(102, 106) 1
(151, 107) 1
(162, 108) 1
(129, 121) 1
(127, 121) 1
(152, 106) 1
0 (0, 3, 0, 0, 0, 0, 0, 0, 0) -1 (152, 106) 0
1 (0, 3, 0, 0, 0, 0, 0, 0, 0) 1 (161, 107) 0
2 (0, 3, 0, 0, 0, 0, 0, 0, 0) -1 (127, 121) 0
3 (0, 3, 0, 0, 0, 0, 0, 0, 0) 1 (128, 122) 0
(102, 106) 1
(162, 108) 1
(129, 121) 1
(127, 121) 1
(152, 106) 1
(163, 107) 1
0 (0, 3, 0, 0, 0, 0, 0, 0, 0) 1 (151, 107) 0
1 (0, 3, 0, 0, 0, 0, 0, 0, 0) -1 (163, 107) 0
2 (0, 3, 0, 0, 0, 0, 0, 0, 0) -1 (127, 121) 0
3 (0, 3, 0, 0, 0, 0, 0, 0, 0) 1 (128, 122) 0
(102, 106) 1
(127, 121) 1
(152, 106) 1
(163, 107) 1
(130, 122) 1
0 (0, 3, 0, 0, 0, 0, 0, 0, 0) 1 (151, 107) 0
1 (0, 3, 0, 0, 0, 0, 0, 0, 0) 1 (162, 108) 0
2 (0, 3, 0, 0, 0, 0, 0, 0, 0) 1 (129, 121) 0
3 (0, 3, 0, 0, 0, 0, 0, 0, 0) -1 (130, 122) 0
(102, 106) 1
(127, 121) 1
(152, 106) 1
(163, 107) 1
(130, 122) 1
(128, 122) 1
(153, 107) 1
0 (0, 3, 0, 0, 0, 0, 0, 0, 0) -1 (153, 107) 0
1 (0, 3, 0, 0, 0, 0, 0, 0, 0) 1 (162, 108) 0
2 (0, 3, 0, 0, 0, 0, 0, 0, 0) -1 (128, 122) 0
3 (0, 3, 0, 0, 0, 0, 0, 0, 0) -1 (130, 122) 0
(102, 106) 1
(163, 107) 1
(130, 122) 1
(153, 107) 1
(164, 108) 1
0 (0, 3, 0, 0, 0, 0, 0, 0, 0) 1 (152, 106) 0
1 (0, 3, 0, 0, 0, 0, 0, 0, 0) -1 (164, 108) 0
2 (0, 3, 0, 0, 0, 0, 0, 0, 0) 1 (127, 121) 0
3 (0, 3, 0, 0, 0, 0, 0, 0, 0) 1 (128, 122) 0
(102, 106) 1
(130, 122) 1
(153, 107) 1
(164, 108) 1
(129, 123) 1
0 (0, 3, 0, 0, 0, 0, 0, 0, 0) 1 (152, 106) 0
1 (0, 3, 0, 0, 0, 0, 0, 0, 0) 1 (163, 107) 0
2 (0, 3, 0, 0, 0, 0, 0, 0, 0) 1 (127, 121) 0
3 (0, 3, 0, 0, 0, 0, 0, 0, 0) -1 (129, 123) 0
(102, 106) 1
(153, 107) 1
(164, 108) 1
(129, 123) 1
(129, 121) 1
(154, 106) 1
0 (0, 3, 0, 0, 0, 0, 0, 0, 0) -1 (154, 106) 0
1 (0, 3, 0, 0, 0, 0, 0, 0, 0) 1 (163, 107) 0
2 (0, 3, 0, 0, 0, 0, 0, 0, 0) -1 (129, 121) 0
3 (0, 3, 0, 0, 0, 0, 0, 0, 0) 1 (130, 122) 0
(102, 106) 1
(164, 108) 1
(129, 123) 1
(129, 121) 1
(154, 106) 1
(165, 107) 1
0 (0, 3, 0, 0, 0, 0, 0, 0, 0) 1 (153, 107) 0
1 (0, 3, 0, 0, 0, 0, 0, 0, 0) -1 (165, 107) 0
2 (0, 3, 0, 0, 0, 0, 0, 0, 0) -1 (129, 121) 0
3 (0, 3, 0, 0, 0, 0, 0, 0, 0) 1 (130, 122) 0
(102, 106) 1
(129, 121) 1
(154, 106) 1
(165, 107) 1
(130, 124) 1
0 (0, 3, 0, 0, 0, 0, 0, 0, 0) 1 (153, 107) 0
1 (0, 3, 0, 0, 0, 0, 0, 0, 0) 1 (164, 108) 0
2 (0, 3, 0, 0, 0, 0, 0, 0, 0) 1 (129, 123) 0
3 (0, 3, 0, 0, 0, 0, 0, 0, 0) -1 (130, 124) 0
(102, 106) 1
(129, 121) 1
(154, 106) 1
(165, 107) 1
(130, 124) 1
(130, 122) 1
(155, 107) 1
0 (0, 3, 0, 0, 0, 0, 0, 0, 0) -1 (155, 107) 0
1 (0, 3, 0, 0, 0, 0, 0, 0, 0) 1 (164, 108) 0
2 (0, 3, 0, 0, 0, 0, 0, 0, 0) -1 (130, 122) 0
3 (0, 3, 0, 0, 0, 0, 0, 0, 0) -1 (130, 124) 0
(102, 106) 1
(165, 107) 1
(130, 124) 1
(155, 107) 1
(166, 108) 1
0 (0, 3, 0, 0, 0, 0, 0, 0, 0) 1 (154, 106) 0
1 (0, 3, 0, 0, 0, 0, 0, 0, 0) -1 (166, 108) 0
2 (0, 3, 0, 0, 0, 0, 0, 0, 0) 1 (129, 121) 0
3 (0, 3, 0, 0, 0, 0, 0, 0, 0) 1 (130, 122) 0
(102, 106) 1
(130, 124) 1
(155, 107) 1
(166, 108) 1
(131, 123) 1
0 (0, 3, 0, 0, 0, 0, 0, 0, 0) 1 (154, 106) 0
1 (0, 3, 0, 0, 0, 0, 0, 0, 0) 1 (165, 107) 0
2 (0, 3, 0, 0, 0, 0, 0, 0, 0) 1 (129, 121) 0
3 (0, 3, 0, 0, 0, 0, 0, 0, 0) -1 (131, 123) 0
(102, 106) 1
(155, 107) 1
(166, 108) 1
(131, 123) 1
(129, 123) 1
(156, 106) 1
0 (0, 3, 0, 0, 0, 0, 0, 0, 0) -1 (156, 106) 0
1 (0, 3, 0, 0, 0, 0, 0, 0, 0) 1 (165, 107) 0
2 (0, 3, 0, 0, 0, 0, 0, 0, 0) -1 (129, 123) 0
3 (0, 3, 0, 0, 0, 0, 0, 0, 0) 1 (130, 124) 0
(102, 106) 1
(166, 108) 1
(131, 123) 1
(129, 123) 1
(156, 106) 1
(167, 107) 1
0 (0, 3, 0, 0, 0, 0, 0, 0, 0) 1 (155, 107) 0
1 (0, 3, 0, 0, 0, 0, 0, 0, 0) -1 (167, 107) 0
2 (0, 3, 0, 0, 0, 0, 0, 0, 0) -1 (129, 123) 0
3 (0, 3, 0, 0, 0, 0, 0, 0, 0) 1 (130, 124) 0
(102, 106) 1
(129, 123) 1
(156, 106) 1
(167, 107) 1
(132, 124) 1
0 (0, 3, 0, 0, 0, 0, 0, 0, 0) 1 (155, 107) 0
1 (0, 3, 0, 0, 0, 0, 0, 0, 0) 1 (166, 108) 0
2 (0, 3, 0, 0, 0, 0, 0, 0, 0) 1 (131, 123) 0
3 (0, 3, 0, 0, 0, 0, 0, 0, 0) -1 (132, 124) 0
(102, 106) 1
(129, 123) 1
(156, 106) 1
(167, 107) 1
(132, 124) 1
(130, 124) 1
(157, 107) 1
0 (0, 3, 0, 0, 0, 0, 0, 0, 0) -1 (157, 107) 0
1 (0, 3, 0, 0, 0, 0, 0, 0, 0) 1 (166, 108) 0
2 (0, 3, 0, 0, 0, 0, 0, 0, 0) -1 (130, 124) 0
3 (0, 3, 0, 0, 0, 0, 0, 0, 0) -1 (132, 124) 0
(102, 106) 1
(167, 107) 1
(132, 124) 1
(157, 107) 1
(168, 108) 1
0 (0, 3, 0, 0, 0, 0, 0, 0, 0) 1 (156, 106) 0
1 (0, 3, 0, 0, 0, 0, 0, 0, 0) -1 (168, 108) 0
2 (0, 3, 0, 0, 0, 0, 0, 0, 0) 1 (129, 123) 0
3 (0, 3, 0, 0, 0, 0, 0, 0, 0) 1 (130, 124) 0
(102, 106) 1
(132, 124) 1
(157, 107) 1
(168, 108) 1
(131, 125) 1
0 (0, 3, 0, 0, 0, 0, 0, 0, 0) 1 (156, 106) 0
1 (0, 3, 0, 0, 0, 0, 0, 0, 0) 1 (167, 107) 0
2 (0, 3, 0, 0, 0, 0, 0, 0, 0) 1 (129, 123) 0
3 (0, 3, 0, 0, 0, 0, 0, 0, 0) -1 (131, 125) 0
(102, 106) 1
(157, 107) 1
(168, 108) 1
(131, 125) 1
(131, 123) 1
(158, 106) 1
0 (0, 3, 0, 0, 0, 0, 0, 0, 0) -1 (158, 106) 0
1 (0, 3, 0, 0, 0, 0, 0, 0, 0) 1 (167, 107) 0
2 (0, 3, 0, 0, 0, 0, 0, 0, 0) -1 (131, 123) 0
3 (0, 3, 0, 0, 0, 0, 0, 0, 0) 1 (132, 124) 0
(102, 106) 1
(168, 108) 1
(131, 125) 1
(131, 123) 1
(158, 106) 1
(169, 107) 1
0 (0, 3, 0, 0, 0, 0, 0, 0, 0) 1 (157, 107) 0
1 (0, 3, 0, 0, 0, 0, 0, 0, 0) -1 (169, 107) 0
2 (0, 3, 0, 0, 0, 0, 0, 0, 0) -1 (131, 123) 0
3 (0, 3, 0, 0, 0, 0, 0, 0, 0) 1 (132, 124) 0
(102, 106) 1
(131, 123) 1
(158, 106) 1
(169, 107) 1
(132, 126) 1
0 (0, 3, 0, 0, 0, 0, 0, 0, 0) 1 (157, 107) 0
1 (0, 3, 0, 0, 0, 0, 0, 0, 0) 1 (168, 108) 0
2 (0, 3, 0, 0, 0, 0, 0, 0, 0) 1 (131, 125) 0
3 (0, 3, 0, 0, 0, 0, 0, 0, 0) -1 (132, 126) 0
(102, 106) 1
(131, 123) 1
(158, 106) 1
(169, 107) 1
(132, 126) 1
(132, 124) 1
(159, 107) 1
0 (0, 3, 0, 0, 0, 0, 0, 0, 0) -1 (159, 107) 0
1 (0, 3, 0, 0, 0, 0, 0, 0, 0) 1 (168, 108) 0
2 (0, 3, 0, 0, 0, 0, 0, 0, 0) -1 (132, 124) 0
3 (0, 3, 0, 0, 0, 0, 0, 0, 0) -1 (132, 126) 0
(102, 106) 1
(169, 107) 1
(132, 126) 1
(159, 107) 1
(170, 108) 1
0 (0, 3, 0, 0, 0, 0, 0, 0, 0) 1 (158, 106) 0
1 (0, 3, 0, 0, 0, 0, 0, 0, 0) -1 (170, 108) 0
2 (0, 3, 0, 0, 0, 0, 0, 0, 0) 1 (131, 123) 0
3 (0, 3, 0, 0, 0, 0, 0, 0, 0) 1 (132, 124) 0
(102, 106) 1
(132, 126) 1
(159, 107) 1
(170, 108) 1
(133, 125) 1
0 (0, 3, 0, 0, 0, 0, 0, 0, 0) 1 (158, 106) 0
1 (0, 3, 0, 0, 0, 0, 0, 0, 0) 1 (169, 107) 0
2 (0, 3, 0, 0, 0, 0, 0, 0, 0) 1 (131, 123) 0
3 (0, 3, 0, 0, 0, 0, 0, 0, 0) -1 (133, 125) 0
(102, 106) 1
(159, 107) 1
(170, 108) 1
(133, 125) 1
(131, 125) 1
(160, 106) 1
0 (0, 3, 0, 0, 0, 0, 0, 0, 0) -1 (160, 106) 0
1 (0, 3, 0, 0, 0, 0, 0, 0, 0) 1 (169, 107) 0
2 (0, 3, 0, 0, 0, 0, 0, 0, 0) -1 (131, 125) 0
3 (0, 3, 0, 0, 0, 0, 0, 0, 0) 1 (132, 126) 0
(102, 106) 1
(170, 108) 1
(133, 125) 1
(131, 125) 1
(160, 106) 1
(171, 107) 1
0 (0, 3, 0, 0, 0, 0, 0, 0, 0) 1 (159, 107) 0
1 (0, 3, 0, 0, 0, 0, 0, 0, 0) -1 (171, 107) 0
2 (0, 3, 0, 0, 0, 0, 0, 0, 0) -1 (131, 125) 0
3 (0, 3, 0, 0, 0, 0, 0, 0, 0) 1 (132, 126) 0
(102, 106) 1
(131, 125) 1
(160, 106) 1
(171, 107) 1
(134, 126) 1
0 (0, 3, 0, 0, 0, 0, 0, 0, 0) 1 (159, 107) 0
1 (0, 3, 0, 0, 0, 0, 0, 0, 0) 1 (170, 108) 0
2 (0, 3, 0, 0, 0, 0, 0, 0, 0) 1 (133, 125) 0
3 (0, 3, 0, 0, 0, 0, 0, 0, 0) -1 (134, 126) 0
(102, 106) 1
(131, 125) 1
(160, 106) 1
(171, 107) 1
(134, 126) 1
(132, 126) 1
(161, 107) 1
0 (0, 3, 0, 0, 0, 0, 0, 0, 0) -1 (161, 107) 0
1 (0, 3, 0, 0, 0, 0, 0, 0, 0) 1 (170, 108) 0
2 (0, 3, 0, 0, 0, 0, 0, 0, 0) -1 (132, 126) 0
3 (0, 3, 0, 0, 0, 0, 0, 0, 0) -1 (134, 126) 0
(102, 106) 1
(171, 107) 1
(134, 126) 1
(161, 107) 1
(172, 108) 1
0 (0, 3, 0, 0, 0, 0, 0, 0, 0) 1 (160, 106) 0
1 (0, 3, 0, 0, 0, 0, 0, 0, 0) -1 (172, 108) 0
2 (0, 3, 0, 0, 0, 0, 0, 0, 0) 1 (131, 125) 0
3 (0, 3, 0, 0, 0, 0, 0, 0, 0) 1 (132, 126) 0
(102, 106) 1
(134, 126) 1
(161, 107) 1
(172, 108) 1
(133, 127) 1
0 (0, 3, 0, 0, 0, 0, 0, 0, 0) 1 (160, 106) 0
1 (0, 3, 0, 0, 0, 0, 0, 0, 0) 1 (171, 107) 0
2 (0, 3, 0, 0, 0, 0, 0, 0, 0) 1 (131, 125) 0
3 (0, 3, 0, 0, 0, 0, 0, 0, 0) -1 (133, 127) 0
(102, 106) 1
(161, 107) 1
(172, 108) 1
(133, 127) 1
(133, 125) 1
(162, 106) 1
0 (0, 3, 0, 0, 0, 0, 0, 0, 0) -1 (162, 106) 0
1 (0, 3, 0, 0, 0, 0, 0, 0, 0) 1 (171, 107) 0
2 (0, 3, 0, 0, 0, 0, 0, 0, 0) -1 (133, 125) 0
3 (0, 3, 0, 0, 0, 0, 0, 0, 0) 1 (134, 126) 0
(102, 106) 1
(172, 108) 1
(133, 127) 1
(133, 125) 1
(162, 106) 1
(173, 107) 1
0 (0, 3, 0, 0, 0, 0, 0, 0, 0) 1 (161, 107) 0
1 (0, 3, 0, 0, 0, 0, 0, 0, 0) -1 (173, 107) 0
2 (0, 3, 0, 0, 0, 0, 0, 0, 0) -1 (133, 125) 0
3 (0, 3, 0, 0, 0, 0, 0, 0, 0) 1 (134, 126) 0
(102, 106) 1
(133, 125) 1
(162, 106) 1
(173, 107) 1
(134, 128) 1
0 (0, 3, 0, 0, 0, 0, 0, 0, 0) 1 (161, 107) 0
1 (0, 3, 0, 0, 0, 0, 0, 0, 0) 1 (172, 108) 0
2 (0, 3, 0, 0, 0, 0, 0, 0, 0) 1 (133, 127) 0
3 (0, 3, 0, 0, 0, 0, 0, 0, 0) -1 (134, 128) 0
(102, 106) 1
(133, 125) 1
(162, 106) 1
(173, 107) 1
(134, 128) 1
(134, 126) 1
(163, 107) 1
0 (0, 3, 0, 0, 0, 0, 0, 0, 0) -1 (163, 107) 0
1 (0, 3, 0, 0, 0, 0, 0, 0, 0) 1 (172, 108) 0
2 (0, 3, 0, 0, 0, 0, 0, 0, 0) -1 (134, 126) 0
3 (0, 3, 0, 0, 0, 0, 0, 0, 0) -1 (134, 128) 0
(102, 106) 1
(173, 107) 1
(134, 128) 1
(163, 107) 1
(174, 108) 1
0 (0, 3, 0, 0, 0, 0, 0, 0, 0) 1 (162, 106) 0
1 (0, 3, 0, 0, 0, 0, 0, 0, 0) -1 (174, 108) 0
2 (0, 3, 0, 0, 0, 0, 0, 0, 0) 1 (133, 125) 0
3 (0, 3, 0, 0, 0, 0, 0, 0, 0) 1 (134, 126) 0
(102, 106) 1
(134, 128) 1
(163, 107) 1
(174, 108) 1
(135, 127) 1
0 (0, 3, 0, 0, 0, 0, 0, 0, 0) 1 (162, 106) 0
1 (0, 3, 0, 0, 0, 0, 0, 0, 0) 1 (173, 107) 0
2 (0, 3, 0, 0, 0, 0, 0, 0, 0) 1 (133, 125) 0
3 (0, 3, 0, 0, 0, 0, 0, 0, 0) -1 (135, 127) 0
(102, 106) 1
(163, 107) 1
(174, 108) 1
(135, 127) 1
(133, 127) 1
(164, 106) 1
0 (0, 3, 0, 0, 0, 0, 0, 0, 0) -1 (164, 106) 0
1 (0, 3, 0, 0, 0, 0, 0, 0, 0) 1 (173, 107) 0
2 (0, 3, 0, 0, 0, 0, 0, 0, 0) -1 (133, 127) 0
3 (0, 3, 0, 0, 0, 0, 0, 0, 0) 1 (134, 128) 0
(102, 106) 1
(174, 108) 1
(135, 127) 1
(133, 127) 1
(164, 106) 1
(175, 107) 1
0 (0, 3, 0, 0, 0, 0, 0, 0, 0) 1 (163, 107) 0
1 (0, 3, 0, 0, 0, 0, 0, 0, 0) -1 (175, 107) 0
2 (0, 3, 0, 0, 0, 0, 0, 0, 0) -1 (133, 127) 0
3 (0, 3, 0, 0, 0, 0, 0, 0, 0) 1 (134, 128) 0
(102, 106) 1
(133, 127) 1
(164, 106) 1
(175, 107) 1
(136, 128) 1
0 (0, 3, 0, 0, 0, 0, 0, 0, 0) 1 (163, 107) 0
1 (0, 3, 0, 0, 0, 0, 0, 0, 0) 1 (174, 108) 0
2 (0, 3, 0, 0, 0, 0, 0, 0, 0) 1 (135, 127) 0
3 (0, 3, 0, 0, 0, 0, 0, 0, 0) -1 (136, 128) 0
(102, 106) 1
(133, 127) 1
(164, 106) 1
(175, 107) 1
(136, 128) 1
(134, 128) 1
(165, 107) 1
0 (0, 3, 0, 0, 0, 0, 0, 0, 0) -1 (165, 107) 0
1 (0, 3, 0, 0, 0, 0, 0, 0, 0) 1 (174, 108) 0
2 (0, 3, 0, 0, 0, 0, 0, 0, 0) -1 (134, 128) 0
3 (0, 3, 0, 0, 0, 0, 0, 0, 0) -1 (136, 128) 0
(102, 106) 1
(175, 107) 1
(136, 128) 1
(165, 107) 1
(176, 108) 1
0 (0, 3, 0, 0, 0, 0, 0, 0, 0) 1 (164, 106) 0
1 (0, 3, 0, 0, 0, 0, 0, 0, 0) -1 (176, 108) 0
2 (0, 3, 0, 0, 0, 0, 0, 0, 0) 1 (133, 127) 0
3 (0, 3, 0, 0, 0, 0, 0, 0, 0) 1 (134, 128) 0
(102, 106) 1
(136, 128) 1
(165, 107) 1
(176, 108) 1
(135, 129) 1
0 (0, 3, 0, 0, 0, 0, 0, 0, 0) 1 (164, 106) 0
1 (0, 3, 0, 0, 0, 0, 0, 0, 0) 1 (175, 107) 0
2 (0, 3, 0, 0, 0, 0, 0, 0, 0) 1 (133, 127) 0
3 (0, 3, 0, 0, 0, 0, 0, 0, 0) -1 (135, 129) 0
(102, 106) 1
(165, 107) 1
(176, 108) 1
(135, 129) 1
(135, 127) 1
(166, 106) 1
0 (0, 3, 0, 0, 0, 0, 0, 0, 0) -1 (166, 106) 0
1 (0, 3, 0, 0, 0, 0, 0, 0, 0) 1 (175, 107) 0
2 (0, 3, 0, 0, 0, 0, 0, 0, 0) -1 (135, 127) 0
3 (0, 3, 0, 0, 0, 0, 0, 0, 0) 1 (136, 128) 0
(102, 106) 1
(176, 108) 1
(135, 129) 1
(135, 127) 1
(166, 106) 1
(177, 107) 1
0 (0, 3, 0, 0, 0, 0, 0, 0, 0) 1 (165, 107) 0
1 (0, 3, 0, 0, 0, 0, 0, 0, 0) -1 (177, 107) 0
2 (0, 3, 0, 0, 0, 0, 0, 0, 0) -1 (135, 127) 0
3 (0, 3, 0, 0, 0, 0, 0, 0, 0) 1 (136, 128) 0
(102, 106) 1
(135, 127) 1
(166, 106) 1
(177, 107) 1
(136, 130) 1
0 (0, 3, 0, 0, 0, 0, 0, 0, 0) 1 (165, 107) 0
1 (0, 3, 0, 0, 0, 0, 0, 0, 0) 1 (176, 108) 0
2 (0, 3, 0, 0, 0, 0, 0, 0, 0) 1 (135, 129) 0
3 (0, 3, 0, 0, 0, 0, 0, 0, 0) -1 (136, 130) 0
(102, 106) 1
(135, 127) 1
(166, 106) 1
(177, 107) 1
(136, 130) 1
(136, 128) 1
(167, 107) 1
0 (0, 3, 0, 0, 0, 0, 0, 0, 0) -1 (167, 107) 0
1 (0, 3, 0, 0, 0, 0, 0, 0, 0) 1 (176, 108) 0
2 (0, 3, 0, 0, 0, 0, 0, 0, 0) -1 (136, 128) 0
3 (0, 3, 0, 0, 0, 0, 0, 0, 0) -1 (136, 130) 0
(102, 106) 1
(177, 107) 1
(136, 130) 1
(167, 107) 1
(178, 108) 1
0 (0, 3, 0, 0, 0, 0, 0, 0, 0) 1 (166, 106) 0
1 (0, 3, 0, 0, 0, 0, 0, 0, 0) -1 (178, 108) 0
2 (0, 3, 0, 0, 0, 0, 0, 0, 0) 1 (135, 127) 0
3 (0, 3, 0, 0, 0, 0, 0, 0, 0) 1 (136, 128) 0
(102, 106) 1
(136, 130) 1
(167, 107) 1
(178, 108) 1
(137, 129) 1
0 (0, 3, 0, 0, 0, 0, 0, 0, 0) 1 (166, 106) 0
1 (0, 3, 0, 0, 0, 0, 0, 0, 0) 1 (177, 107) 0
2 (0, 3, 0, 0, 0, 0, 0, 0, 0) 1 (135, 127) 0
3 (0, 3, 0, 0, 0, 0, 0, 0, 0) -1 (137, 129) 0
(102, 106) 1
(167, 107) 1
(178, 108) 1
(137, 129) 1
(135, 129) 1
(168, 106) 1
0 (0, 3, 0, 0, 0, 0, 0, 0, 0) -1 (168, 106) 0
1 (0, 3, 0, 0, 0, 0, 0, 0, 0) 1 (177, 107) 0
2 (0, 3, 0, 0, 0, 0, 0, 0, 0) -1 (135, 129) 0
3 (0, 3, 0, 0, 0, 0, 0, 0, 0) 1 (136, 130) 0
(102, 106) 1
(178, 108) 1
(137, 129) 1
(135, 129) 1
(168, 106) 1
(179, 107) 1
0 (0, 3, 0, 0, 0, 0, 0, 0, 0) 1 (167, 107) 0
1 (0, 3, 0, 0, 0, 0, 0, 0, 0) -1 (179, 107) 0
2 (0, 3, 0, 0, 0, 0, 0, 0, 0) -1 (135, 129) 0
3 (0, 3, 0, 0, 0, 0, 0, 0, 0) 1 (136, 130) 0
(102, 106) 1
(135, 129) 1
(168, 106) 1
(179, 107) 1
(138, 130) 1
0 (0, 3, 0, 0, 0, 0, 0, 0, 0) 1 (167, 107) 0
1 (0, 3, 0, 0, 0, 0, 0, 0, 0) 1 (178, 108) 0
2 (0, 3, 0, 0, 0, 0, 0, 0, 0) 1 (137, 129) 0
3 (0, 3, 0, 0, 0, 0, 0, 0, 0) -1 (138, 130) 0
(102, 106) 1
(135, 129) 1
(168, 106) 1
(179, 107) 1
(138, 130) 1
(136, 130) 1
(169, 107) 1
0 (0, 3, 0, 0, 0, 0, 0, 0, 0) -1 (169, 107) 0
1 (0, 3, 0, 0, 0, 0, 0, 0, 0) 1 (178, 108) 0
2 (0, 3, 0, 0, 0, 0, 0, 0, 0) -1 (136, 130) 0
3 (0, 3, 0, 0, 0, 0, 0, 0, 0) -1 (138, 130) 0
(102, 106) 1
(179, 107) 1
(138, 130) 1
(169, 107) 1
(180, 108) 1
0 (0, 3, 0, 0, 0, 0, 0, 0, 0) 1 (168, 106) 0
1 (0, 3, 0, 0, 0, 0, 0, 0, 0) -1 (180, 108) 0
2 (0, 3, 0, 0, 0, 0, 0, 0, 0) 1 (135, 129) 0
3 (0, 3, 0, 0, 0, 0, 0, 0, 0) 1 (136, 130) 0
(102, 106) 1
(138, 130) 1
(169, 107) 1
(180, 108) 1
(137, 131) 1
0 (0, 3, 0, 0, 0, 0, 0, 0, 0) 1 (168, 106) 0
1 (0, 3, 0, 0, 0, 0, 0, 0, 0) 1 (179, 107) 0
2 (0, 3, 0, 0, 0, 0, 0, 0, 0) 1 (135, 129) 0
3 (0, 3, 0, 0, 0, 0, 0, 0, 0) -1 (137, 131) 0
(102, 106) 1
(169, 107) 1
(180, 108) 1
(137, 131) 1
(137, 129) 1
(170, 106) 1
0 (0, 3, 0, 0, 0, 0, 0, 0, 0) -1 (170, 106) 0
1 (0, 3, 0, 0, 0, 0, 0, 0, 0) 1 (179, 107) 0
2 (0, 3, 0, 0, 0, 0, 0, 0, 0) -1 (137, 129) 0
3 (0, 3, 0, 0, 0, 0, 0, 0, 0) 1 (138, 130) 0
(102, 106) 1
(180, 108) 1
(137, 131) 1
(137, 129) 1
(170, 106) 1
(181, 107) 1
0 (0, 3, 0, 0, 0, 0, 0, 0, 0) 1 (169, 107) 0
1 (0, 3, 0, 0, 0, 0, 0, 0, 0) -1 (181, 107) 0
2 (0, 3, 0, 0, 0, 0, 0, 0, 0) -1 (137, 129) 0
3 (0, 3, 0, 0, 0, 0, 0, 0, 0) 1 (138, 130) 0
(102, 106) 1
(137, 129) 1
(170, 106) 1
(181, 107) 1
(138, 132) 1
0 (0, 3, 0, 0, 0, 0, 0, 0, 0) 1 (169, 107) 0
1 (0, 3, 0, 0, 0, 0, 0, 0, 0) 1 (180, 108) 0
2 (0, 3, 0, 0, 0, 0, 0, 0, 0) 1 (137, 131) 0
3 (0, 3, 0, 0, 0, 0, 0, 0, 0) -1 (138, 132) 0
(102, 106) 1
(137, 129) 1
(170, 106) 1
(181, 107) 1
(138, 132) 1
(138, 130) 1
(171, 107) 1
0 (0, 3, 0, 0, 0, 0, 0, 0, 0) -1 (171, 107) 0
1 (0, 3, 0, 0, 0, 0, 0, 0, 0) 1 (180, 108) 0
2 (0, 3, 0, 0, 0, 0, 0, 0, 0) -1 (138, 130) 0
3 (0, 3, 0, 0, 0, 0, 0, 0, 0) -1 (138, 132) 0
(102, 106) 1
(181, 107) 1
(138, 132) 1
(171, 107) 1
(182, 108) 1
0 (0, 3, 0, 0, 0, 0, 0, 0, 0) 1 (170, 106) 0
1 (0, 3, 0, 0, 0, 0, 0, 0, 0) -1 (182, 108) 0
2 (0, 3, 0, 0, 0, 0, 0, 0, 0) 1 (137, 129) 0
3 (0, 3, 0, 0, 0, 0, 0, 0, 0) 1 (138, 130) 0
(102, 106) 1
(138, 132) 1
(171, 107) 1
(182, 108) 1
(139, 131) 1
0 (0, 3, 0, 0, 0, 0, 0, 0, 0) 1 (170, 106) 0
1 (0, 3, 0, 0, 0, 0, 0, 0, 0) 1 (181, 107) 0
2 (0, 3, 0, 0, 0, 0, 0, 0, 0) 1 (137, 129) 0
3 (0, 3, 0, 0, 0, 0, 0, 0, 0) -1 (139, 131) 0
(102, 106) 1
(171, 107) 1
(182, 108) 1
(139, 131) 1
(137, 131) 1
(172, 106) 1
0 (0, 3, 0, 0, 0, 0, 0, 0, 0) -1 (172, 106) 0
1 (0, 3, 0, 0, 0, 0, 0, 0, 0) 1 (181, 107) 0
2 (0, 3, 0, 0, 0, 0, 0, 0, 0) -1 (137, 131) 0
3 (0, 3, 0, 0, 0, 0, 0, 0, 0) 1 (138, 132) 0
(102, 106) 1
(182, 108) 1
(139, 131) 1
(137, 131) 1
(172, 106) 1
(183, 107) 1
0 (0, 3, 0, 0, 0, 0, 0, 0, 0) 1 (171, 107) 0
1 (0, 3, 0, 0, 0, 0, 0, 0, 0) -1 (183, 107) 0
2 (0, 3, 0, 0, 0, 0, 0, 0, 0) -1 (137, 131) 0
3 (0, 3, 0, 0, 0, 0, 0, 0, 0) 1 (138, 132) 0
(102, 106) 1
(137, 131) 1
(172, 106) 1
(183, 107) 1
(140, 132) 1
0 (0, 3, 0, 0, 0, 0, 0, 0, 0) 1 (171, 107) 0
1 (0, 3, 0, 0, 0, 0, 0, 0, 0) 1 (182, 108) 0
2 (0, 3, 0, 0, 0, 0, 0, 0, 0) 1 (139, 131) 0
3 (0, 3, 0, 0, 0, 0, 0, 0, 0) -1 (140, 132) 0
(102, 106) 1
(137, 131) 1
(172, 106) 1
(183, 107) 1
(140, 132) 1
(138, 132) 1
(173, 107) 1
0 (0, 3, 0, 0, 0, 0, 0, 0, 0) -1 (173, 107) 0
1 (0, 3, 0, 0, 0, 0, 0, 0, 0) 1 (182, 108) 0
2 (0, 3, 0, 0, 0, 0, 0, 0, 0) -1 (138, 132) 0
3 (0, 3, 0, 0, 0, 0, 0, 0, 0) -1 (140, 132) 0
(102, 106) 1
(183, 107) 1
(140, 132) 1
(173, 107) 1
(184, 108) 1
0 (0, 3, 0, 0, 0, 0, 0, 0, 0) 1 (172, 106) 0
1 (0, 3, 0, 0, 0, 0, 0, 0, 0) -1 (184, 108) 0
2 (0, 3, 0, 0, 0, 0, 0, 0, 0) 1 (137, 131) 0
3 (0, 3, 0, 0, 0, 0, 0, 0, 0) 1 (138, 132) 0
(102, 106) 1
(140, 132) 1
(173, 107) 1
(184, 108) 1
(139, 133) 1
0 (0, 3, 0, 0, 0, 0, 0, 0, 0) 1 (172, 106) 0
1 (0, 3, 0, 0, 0, 0, 0, 0, 0) 1 (183, 107) 0
2 (0, 3, 0, 0, 0, 0, 0, 0, 0) 1 (137, 131) 0
3 (0, 3, 0, 0, 0, 0, 0, 0, 0) -1 (139, 133) 0
(102, 106) 1
(173, 107) 1
(184, 108) 1
(139, 133) 1
(139, 131) 1
(174, 106) 1
0 (0, 3, 0, 0, 0, 0, 0, 0, 0) -1 (174, 106) 0
1 (0, 3, 0, 0, 0, 0, 0, 0, 0) 1 (183, 107) 0
2 (0, 3, 0, 0, 0, 0, 0, 0, 0) -1 (139, 131) 0
3 (0, 3, 0, 0, 0, 0, 0, 0, 0) 1 (140, 132) 0
(102, 106) 1
(184, 108) 1
(139, 133) 1
(139, 131) 1
(174, 106) 1
(185, 107) 1
0 (0, 3, 0, 0, 0, 0, 0, 0, 0) 1 (173, 107) 0
1 (0, 3, 0, 0, 0, 0, 0, 0, 0) -1 (185, 107) 0
2 (0, 3, 0, 0, 0, 0, 0, 0, 0) -1 (139, 131) 0
3 (0, 3, 0, 0, 0, 0, 0, 0, 0) 1 (140, 132) 0
(102, 106) 1
(139, 131) 1
(174, 106) 1
(185, 107) 1
(140, 134) 1
0 (0, 3, 0, 0, 0, 0, 0, 0, 0) 1 (173, 107) 0
1 (0, 3, 0, 0, 0, 0, 0, 0, 0) 1 (184, 108) 0
2 (0, 3, 0, 0, 0, 0, 0, 0, 0) 1 (139, 133) 0
3 (0, 3, 0, 0, 0, 0, 0, 0, 0) -1 (140, 134) 0
(102, 106) 1
(139, 131) 1
(174, 106) 1
(185, 107) 1
(140, 134) 1
(140, 132) 1
(175, 107) 1
0 (0, 3, 0, 0, 0, 0, 0, 0, 0) -1 (175, 107) 0
1 (0, 3, 0, 0, 0, 0, 0, 0, 0) 1 (184, 108) 0
2 (0, 3, 0, 0, 0, 0, 0, 0, 0) -1 (140, 132) 0
3 (0, 3, 0, 0, 0, 0, 0, 0, 0) -1 (140, 134) 0
(102, 106) 1
(185, 107) 1
(140, 134) 1
(175, 107) 1
(186, 108) 1
0 (0, 3, 0, 0, 0, 0, 0, 0, 0) 1 (174, 106) 0
1 (0, 3, 0, 0, 0, 0, 0, 0, 0) -1 (186, 108) 0
2 (0, 3, 0, 0, 0, 0, 0, 0, 0) 1 (139, 131) 0
3 (0, 3, 0, 0, 0, 0, 0, 0, 0) 1 (140, 132) 0
(102, 106) 1
(140, 134) 1
(175, 107) 1
(186, 108) 1
(141, 133) 1
0 (0, 3, 0, 0, 0, 0, 0, 0, 0) 1 (174, 106) 0
1 (0, 3, 0, 0, 0, 0, 0, 0, 0) 1 (185, 107) 0
2 (0, 3, 0, 0, 0, 0, 0, 0, 0) 1 (139, 131) 0
3 (0, 3, 0, 0, 0, 0, 0, 0, 0) -1 (141, 133) 0
(102, 106) 1
(175, 107) 1
(186, 108) 1
(141, 133) 1
(139, 133) 1
(176, 106) 1
0 (0, 3, 0, 0, 0, 0, 0, 0, 0) -1 (176, 106) 0
1 (0, 3, 0, 0, 0, 0, 0, 0, 0) 1 (185, 107) 0
2 (0, 3, 0, 0, 0, 0, 0, 0, 0) -1 (139, 133) 0
3 (0, 3, 0, 0, 0, 0, 0, 0, 0) 1 (140, 134) 0
(102, 106) 1
(186, 108) 1
(141, 133) 1
(139, 133) 1
(176, 106) 1
(187, 107) 1
0 (0, 3, 0, 0, 0, 0, 0, 0, 0) 1 (175, 107) 0
1 (0, 3, 0, 0, 0, 0, 0, 0, 0) -1 (187, 107) 0
2 (0, 3, 0, 0, 0, 0, 0, 0, 0) -1 (139, 133) 0
3 (0, 3, 0, 0, 0, 0, 0, 0, 0) 1 (140, 134) 0
(102, 106) 1
(139, 133) 1
(176, 106) 1
(187, 107) 1
(142, 134) 1
0 (0, 3, 0, 0, 0, 0, 0, 0, 0) 1 (175, 107) 0
1 (0, 3, 0, 0, 0, 0, 0, 0, 0) 1 (186, 108) 0
2 (0, 3, 0, 0, 0, 0, 0, 0, 0) 1 (141, 133) 0
3 (0, 3, 0, 0, 0, 0, 0, 0, 0) -1 (142, 134) 0
(102, 106) 1
(139, 133) 1
(176, 106) 1
(187, 107) 1
(142, 134) 1
(140, 134) 1
(177, 107) 1
0 (0, 3, 0, 0, 0, 0, 0, 0, 0) -1 (177, 107) 0
1 (0, 3, 0, 0, 0, 0, 0, 0, 0) 1 (186, 108) 0
2 (0, 3, 0, 0, 0, 0, 0, 0, 0) -1 (140, 134) 0
3 (0, 3, 0, 0, 0, 0, 0, 0, 0) -1 (142, 134) 0
(102, 106) 1
(187, 107) 1
(142, 134) 1
(177, 107) 1
(188, 108) 1
0 (0, 3, 0, 0, 0, 0, 0, 0, 0) 1 (176, 106) 0
1 (0, 3, 0, 0, 0, 0, 0, 0, 0) -1 (188, 108) 0
2 (0, 3, 0, 0, 0, 0, 0, 0, 0) 1 (139, 133) 0
3 (0, 3, 0, 0, 0, 0, 0, 0, 0) 1 (140, 134) 0
(102, 106) 1
(142, 134) 1
(177, 107) 1
(188, 108) 1
(141, 135) 1
0 (0, 3, 0, 0, 0, 0, 0, 0, 0) 1 (176, 106) 0
1 (0, 3, 0, 0, 0, 0, 0, 0, 0) 1 (187, 107) 0
2 (0, 3, 0, 0, 0, 0, 0, 0, 0) 1 (139, 133) 0
3 (0, 3, 0, 0, 0, 0, 0, 0, 0) -1 (141, 135) 0
(102, 106) 1
(177, 107) 1
(188, 108) 1
(141, 135) 1
(141, 133) 1
(178, 106) 1
0 (0, 3, 0, 0, 0, 0, 0, 0, 0) -1 (178, 106) 0
1 (0, 3, 0, 0, 0, 0, 0, 0, 0) 1 (187, 107) 0
2 (0, 3, 0, 0, 0, 0, 0, 0, 0) -1 (141, 133) 0
3 (0, 3, 0, 0, 0, 0, 0, 0, 0) 1 (142, 134) 0
(102, 106) 1
(188, 108) 1
(141, 135) 1
(141, 133) 1
(178, 106) 1
(189, 107) 1
0 (0, 3, 0, 0, 0, 0, 0, 0, 0) 1 (177, 107) 0
1 (0, 3, 0, 0, 0, 0, 0, 0, 0) -1 (189, 107) 0
2 (0, 3, 0, 0, 0, 0, 0, 0, 0) -1 (141, 133) 0
3 (0, 3, 0, 0, 0, 0, 0, 0, 0) 1 (142, 134) 0
(102, 106) 1
(141, 133) 1
(178, 106) 1
(189, 107) 1
(142, 136) 1
0 (0, 3, 0, 0, 0, 0, 0, 0, 0) 1 (177, 107) 0
1 (0, 3, 0, 0, 0, 0, 0, 0, 0) 1 (188, 108) 0
2 (0, 3, 0, 0, 0, 0, 0, 0, 0) 1 (141, 135) 0
3 (0, 3, 0, 0, 0, 0, 0, 0, 0) -1 (142, 136) 0
(102, 106) 1
(141, 133) 1
(178, 106) 1
(189, 107) 1
(142, 136) 1
(142, 134) 1
(179, 107) 1
0 (0, 3, 0, 0, 0, 0, 0, 0, 0) -1 (179, 107) 0
1 (0, 3, 0, 0, 0, 0, 0, 0, 0) 1 (188, 108) 0
2 (0, 3, 0, 0, 0, 0, 0, 0, 0) -1 (142, 134) 0
3 (0, 3, 0, 0, 0, 0, 0, 0, 0) -1 (142, 136) 0
(102, 106) 1
(189, 107) 1
(142, 136) 1
(179, 107) 1
(190, 108) 1
0 (0, 3, 0, 0, 0, 0, 0, 0, 0) 1 (178, 106) 0
1 (0, 3, 0, 0, 0, 0, 0, 0, 0) -1 (190, 108) 0
2 (0, 3, 0, 0, 0, 0, 0, 0, 0) 1 (141, 133) 0
3 (0, 3, 0, 0, 0, 0, 0, 0, 0) 1 (142, 134) 0
(102, 106) 1
(142, 136) 1
(179, 107) 1
(190, 108) 1
(143, 135) 1
0 (0, 3, 0, 0, 0, 0, 0, 0, 0) 1 (178, 106) 0
1 (0, 3, 0, 0, 0, 0, 0, 0, 0) 1 (189, 107) 0
2 (0, 3, 0, 0, 0, 0, 0, 0, 0) 1 (141, 133) 0
3 (0, 3, 0, 0, 0, 0, 0, 0, 0) -1 (143, 135) 0
(102, 106) 1
(179, 107) 1
(190, 108) 1
(143, 135) 1
(141, 135) 1
(180, 106) 1
0 (0, 3, 0, 0, 0, 0, 0, 0, 0) -1 (180, 106) 0
1 (0, 3, 0, 0, 0, 0, 0, 0, 0) 1 (189, 107) 0
2 (0, 3, 0, 0, 0, 0, 0, 0, 0) -1 (141, 135) 0
3 (0, 3, 0, 0, 0, 0, 0, 0, 0) 1 (142, 136) 0
(102, 106) 1
(190, 108) 1
(143, 135) 1
(141, 135) 1
(180, 106) 1
(191, 107) 1
0 (0, 3, 0, 0, 0, 0, 0, 0, 0) 1 (179, 107) 0
1 (0, 3, 0, 0, 0, 0, 0, 0, 0) -1 (191, 107) 0
2 (0, 3, 0, 0, 0, 0, 0, 0, 0) -1 (141, 135) 0
3 (0, 3, 0, 0, 0, 0, 0, 0, 0) 1 (142, 136) 0
(102, 106) 1
(141, 135) 1
(180, 106) 1
(191, 107) 1
(144, 136) 1
0 (0, 3, 0, 0, 0, 0, 0, 0, 0) 1 (179, 107) 0
1 (0, 3, 0, 0, 0, 0, 0, 0, 0) 1 (190, 108) 0
2 (0, 3, 0, 0, 0, 0, 0, 0, 0) 1 (143, 135) 0
3 (0, 3, 0, 0, 0, 0, 0, 0, 0) -1 (144, 136) 0
(102, 106) 1
(141, 135) 1
(180, 106) 1
(191, 107) 1
(144, 136) 1
(142, 136) 1
(181, 107) 1
0 (0, 3, 0, 0, 0, 0, 0, 0, 0) -1 (181, 107) 0
1 (0, 3, 0, 0, 0, 0, 0, 0, 0) 1 (190, 108) 0
2 (0, 3, 0, 0, 0, 0, 0, 0, 0) -1 (142, 136) 0
3 (0, 3, 0, 0, 0, 0, 0, 0, 0) -1 (144, 136) 0
(102, 106) 1
(191, 107) 1
(144, 136) 1
(181, 107) 1
(192, 108) 1
0 (0, 3, 0, 0, 0, 0, 0, 0, 0) 1 (180, 106) 0
1 (0, 3, 0, 0, 0, 0, 0, 0, 0) -1 (192, 108) 0
2 (0, 3, 0, 0, 0, 0, 0, 0, 0) 1 (141, 135) 0
3 (0, 3, 0, 0, 0, 0, 0, 0, 0) 1 (142, 136) 0
(102, 106) 1
(144, 136) 1
(181, 107) 1
(192, 108) 1
(143, 137) 1
0 (0, 3, 0, 0, 0, 0, 0, 0, 0) 1 (180, 106) 0
1 (0, 3, 0, 0, 0, 0, 0, 0, 0) 1 (191, 107) 0
2 (0, 3, 0, 0, 0, 0, 0, 0, 0) 1 (141, 135) 0
3 (0, 3, 0, 0, 0, 0, 0, 0, 0) -1 (143, 137) 0
(102, 106) 1
(181, 107) 1
(192, 108) 1
(143, 137) 1
(143, 135) 1
(182, 106) 1
0 (0, 3, 0, 0, 0, 0, 0, 0, 0) -1 (182, 106) 0
1 (0, 3, 0, 0, 0, 0, 0, 0, 0) 1 (191, 107) 0
2 (0, 3, 0, 0, 0, 0, 0, 0, 0) -1 (143, 135) 0
3 (0, 3, 0, 0, 0, 0, 0, 0, 0) 1 (144, 136) 0
(102, 106) 1
(192, 108) 1
(143, 137) 1
(143, 135) 1
(182, 106) 1
(193, 107) 1
0 (0, 3, 0, 0, 0, 0, 0, 0, 0) 1 (181, 107) 0
1 (0, 3, 0, 0, 0, 0, 0, 0, 0) -1 (193, 107) 0
2 (0, 3, 0, 0, 0, 0, 0, 0, 0) -1 (143, 135) 0
3 (0, 3, 0, 0, 0, 0, 0, 0, 0) 1 (144, 136) 0
(102, 106) 1
(143, 135) 1
(182, 106) 1
(193, 107) 1
(144, 138) 1
0 (0, 3, 0, 0, 0, 0, 0, 0, 0) 1 (181, 107) 0
1 (0, 3, 0, 0, 0, 0, 0, 0, 0) 1 (192, 108) 0
2 (0, 3, 0, 0, 0, 0, 0, 0, 0) 1 (143, 137) 0
3 (0, 3, 0, 0, 0, 0, 0, 0, 0) -1 (144, 138) 0
(102, 106) 1
(143, 135) 1
(182, 106) 1
(193, 107) 1
(144, 138) 1
(144, 136) 1
(183, 107) 1
0 (0, 3, 0, 0, 0, 0, 0, 0, 0) -1 (183, 107) 0
1 (0, 3, 0, 0, 0, 0, 0, 0, 0) 1 (192, 108) 0
2 (0, 3, 0, 0, 0, 0, 0, 0, 0) -1 (144, 136) 0
3 (0, 3, 0, 0, 0, 0, 0, 0, 0) -1 (144, 138) 0
(102, 106) 1
(193, 107) 1
(144, 138) 1
(183, 107) 1
(194, 108) 1
0 (0, 3, 0, 0, 0, 0, 0, 0, 0) 1 (182, 106) 0
1 (0, 3, 0, 0, 0, 0, 0, 0, 0) -1 (194, 108) 0
2 (0, 3, 0, 0, 0, 0, 0, 0, 0) 1 (143, 135) 0
3 (0, 3, 0, 0, 0, 0, 0, 0, 0) 1 (144, 136) 0
(102, 106) 1
(144, 138) 1
(183, 107) 1
(194, 108) 1
(145, 137) 1
0 (0, 3, 0, 0, 0, 0, 0, 0, 0) 1 (182, 106) 0
1 (0, 3, 0, 0, 0, 0, 0, 0, 0) 1 (193, 107) 0
2 (0, 3, 0, 0, 0, 0, 0, 0, 0) 1 (143, 135) 0
3 (0, 3, 0, 0, 0, 0, 0, 0, 0) -1 (145, 137) 0
(102, 106) 1
(183, 107) 1
(194, 108) 1
(145, 137) 1
(143, 137) 1
(184, 106) 1
0 (0, 3, 0, 0, 0, 0, 0, 0, 0) -1 (184, 106) 0
1 (0, 3, 0, 0, 0, 0, 0, 0, 0) 1 (193, 107) 0
2 (0, 3, 0, 0, 0, 0, 0, 0, 0) -1 (143, 137) 0
3 (0, 3, 0, 0, 0, 0, 0, 0, 0) 1 (144, 138) 0
(102, 106) 1
(194, 108) 1
(145, 137) 1
(143, 137) 1
(184, 106) 1
(195, 107) 1
0 (0, 3, 0, 0, 0, 0, 0, 0, 0) 1 (183, 107) 0
1 (0, 3, 0, 0, 0, 0, 0, 0, 0) -1 (195, 107) 0
2 (0, 3, 0, 0, 0, 0, 0, 0, 0) -1 (143, 137) 0
3 (0, 3, 0, 0, 0, 0, 0, 0, 0) 1 (144, 138) 0
(102, 106) 1
(143, 137) 1
(184, 106) 1
(195, 107) 1
(146, 138) 1
0 (0, 3, 0, 0, 0, 0, 0, 0, 0) 1 (183, 107) 0
1 (0, 3, 0, 0, 0, 0, 0, 0, 0) 1 (194, 108) 0
2 (0, 3, 0, 0, 0, 0, 0, 0, 0) 1 (145, 137) 0
3 (0, 3, 0, 0, 0, 0, 0, 0, 0) -1 (146, 138) 0
(102, 106) 1
(143, 137) 1
(184, 106) 1
(195, 107) 1
(146, 138) 1
(144, 138) 1
(185, 107) 1
0 (0, 3, 0, 0, 0, 0, 0, 0, 0) -1 (185, 107) 0
1 (0, 3, 0, 0, 0, 0, 0, 0, 0) 1 (194, 108) 0
2 (0, 3, 0, 0, 0, 0, 0, 0, 0) -1 (144, 138) 0
3 (0, 3, 0, 0, 0, 0, 0, 0, 0) -1 (146, 138) 0
(102, 106) 1
(195, 107) 1
(146, 138) 1
(185, 107) 1
(196, 108) 1
0 (0, 3, 0, 0, 0, 0, 0, 0, 0) 1 (184, 106) 0
1 (0, 3, 0, 0, 0, 0, 0, 0, 0) -1 (196, 108) 0
2 (0, 3, 0, 0, 0, 0, 0, 0, 0) 1 (143, 137) 0
3 (0, 3, 0, 0, 0, 0, 0, 0, 0) 1 (144, 138) 0
(102, 106) 1
(146, 138) 1
(185, 107) 1
(196, 108) 1
(145, 139) 1
0 (0, 3, 0, 0, 0, 0, 0, 0, 0) 1 (184, 106) 0
1 (0, 3, 0, 0, 0, 0, 0, 0, 0) 1 (195, 107) 0
2 (0, 3, 0, 0, 0, 0, 0, 0, 0) 1 (143, 137) 0
3 (0, 3, 0, 0, 0, 0, 0, 0, 0) -1 (145, 139) 0
(102, 106) 1
(185, 107) 1
(196, 108) 1
(145, 139) 1
(145, 137) 1
(186, 106) 1
0 (0, 3, 0, 0, 0, 0, 0, 0, 0) -1 (186, 106) 0
1 (0, 3, 0, 0, 0, 0, 0, 0, 0) 1 (195, 107) 0
2 (0, 3, 0, 0, 0, 0, 0, 0, 0) -1 (145, 137) 0
3 (0, 3, 0, 0, 0, 0, 0, 0, 0) 1 (146, 138) 0
(102, 106) 1
(196, 108) 1
(145, 139) 1
(145, 137) 1
(186, 106) 1
(197, 107) 1
0 (0, 3, 0, 0, 0, 0, 0, 0, 0) 1 (185, 107) 0
1 (0, 3, 0, 0, 0, 0, 0, 0, 0) -1 (197, 107) 0
2 (0, 3, 0, 0, 0, 0, 0, 0, 0) -1 (145, 137) 0
3 (0, 3, 0, 0, 0, 0, 0, 0, 0) 1 (146, 138) 0
(102, 106) 1
(145, 137) 1
(186, 106) 1
(197, 107) 1
(146, 140) 1
0 (0, 3, 0, 0, 0, 0, 0, 0, 0) 1 (185, 107) 0
1 (0, 3, 0, 0, 0, 0, 0, 0, 0) 1 (196, 108) 0
2 (0, 3, 0, 0, 0, 0, 0, 0, 0) 1 (145, 139) 0
3 (0, 3, 0, 0, 0, 0, 0, 0, 0) -1 (146, 140) 0
(102, 106) 1
(145, 137) 1
(186, 106) 1
(197, 107) 1
(146, 140) 1
(146, 138) 1
(187, 107) 1
0 (0, 3, 0, 0, 0, 0, 0, 0, 0) -1 (187, 107) 0
1 (0, 3, 0, 0, 0, 0, 0, 0, 0) 1 (196, 108) 0
2 (0, 3, 0, 0, 0, 0, 0, 0, 0) -1 (146, 138) 0
3 (0, 3, 0, 0, 0, 0, 0, 0, 0) -1 (146, 140) 0
(102, 106) 1
(197, 107) 1
(146, 140) 1
(187, 107) 1
(198, 108) 1
0 (0, 3, 0, 0, 0, 0, 0, 0, 0) 1 (186, 106) 0
1 (0, 3, 0, 0, 0, 0, 0, 0, 0) -1 (198, 108) 0
2 (0, 3, 0, 0, 0, 0, 0, 0, 0) 1 (145, 137) 0
3 (0, 3, 0, 0, 0, 0, 0, 0, 0) 1 (146, 138) 0
(102, 106) 1
(146, 140) 1
(187, 107) 1
(198, 108) 1
(147, 139) 1
0 (0, 3, 0, 0, 0, 0, 0, 0, 0) 1 (186, 106) 0
1 (0, 3, 0, 0, 0, 0, 0, 0, 0) 1 (197, 107) 0
2 (0, 3, 0, 0, 0, 0, 0, 0, 0) 1 (145, 137) 0
3 (0, 3, 0, 0, 0, 0, 0, 0, 0) -1 (147, 139) 0
(102, 106) 1
(187, 107) 1
(198, 108) 1
(147, 139) 1
(145, 139) 1
(188, 106) 1
0 (0, 3, 0, 0, 0, 0, 0, 0, 0) -1 (188, 106) 0
1 (0, 3, 0, 0, 0, 0, 0, 0, 0) 1 (197, 107) 0
2 (0, 3, 0, 0, 0, 0, 0, 0, 0) -1 (145, 139) 0
3 (0, 3, 0, 0, 0, 0, 0, 0, 0) 1 (146, 140) 0
(102, 106) 1
(198, 108) 1
(147, 139) 1
(145, 139) 1
(188, 106) 1
(199, 107) 1
0 (0, 3, 0, 0, 0, 0, 0, 0, 0) 1 (187, 107) 0
1 (0, 3, 0, 0, 0, 0, 0, 0, 0) -1 (199, 107) 0
2 (0, 3, 0, 0, 0, 0, 0, 0, 0) -1 (145, 139) 0
3 (0, 3, 0, 0, 0, 0, 0, 0, 0) 1 (146, 140) 0
(102, 106) 1
(145, 139) 1
(188, 106) 1
(199, 107) 1
(148, 140) 1
0 (0, 3, 0, 0, 0, 0, 0, 0, 0) 1 (187, 107) 0
1 (0, 3, 0, 0, 0, 0, 0, 0, 0) 1 (198, 108) 0
2 (0, 3, 0, 0, 0, 0, 0, 0, 0) 1 (147, 139) 0
3 (0, 3, 0, 0, 0, 0, 0, 0, 0) -1 (148, 140) 0
(102, 106) 1
(145, 139) 1
(188, 106) 1
(199, 107) 1
(148, 140) 1
(146, 140) 1
(189, 107) 1
0 (0, 3, 0, 0, 0, 0, 0, 0, 0) -1 (189, 107) 0
1 (0, 3, 0, 0, 0, 0, 0, 0, 0) 1 (198, 108) 0
2 (0, 3, 0, 0, 0, 0, 0, 0, 0) -1 (146, 140) 0
3 (0, 3, 0, 0, 0, 0, 0, 0, 0) -1 (148, 140) 0
(102, 106) 1
(199, 107) 1
(148, 140) 1
(189, 107) 1
(200, 108) 1
0 (0, 3, 0, 0, 0, 0, 0, 0, 0) 1 (188, 106) 0
1 (0, 3, 0, 0, 0, 0, 0, 0, 0) -1 (200, 108) 0
2 (0, 3, 0, 0, 0, 0, 0, 0, 0) 1 (145, 139) 0
3 (0, 3, 0, 0, 0, 0, 0, 0, 0) 1 (146, 140) 0
(102, 106) 1
(148, 140) 1
(189, 107) 1
(200, 108) 1
(147, 141) 1
0 (0, 3, 0, 0, 0, 0, 0, 0, 0) 1 (188, 106) 0
1 (0, 3, 0, 0, 0, 0, 0, 0, 0) 1 (199, 107) 0
2 (0, 3, 0, 0, 0, 0, 0, 0, 0) 1 (145, 139) 0
3 (0, 3, 0, 0, 0, 0, 0, 0, 0) -1 (147, 141) 0
(102, 106) 1
(189, 107) 1
(200, 108) 1
(147, 141) 1
(147, 139) 1
(190, 106) 1
0 (0, 3, 0, 0, 0, 0, 0, 0, 0) -1 (190, 106) 0
1 (0, 3, 0, 0, 0, 0, 0, 0, 0) 1 (199, 107) 0
2 (0, 3, 0, 0, 0, 0, 0, 0, 0) -1 (147, 139) 0
3 (0, 3, 0, 0, 0, 0, 0, 0, 0) 1 (148, 140) 0
(102, 106) 1
(200, 108) 1
(147, 141) 1
(147, 139) 1
(190, 106) 1
(201, 107) 1
0 (0, 3, 0, 0, 0, 0, 0, 0, 0) 1 (189, 107) 0
1 (0, 3, 0, 0, 0, 0, 0, 0, 0) -1 (201, 107) 0
2 (0, 3, 0, 0, 0, 0, 0, 0, 0) -1 (147, 139) 0
3 (0, 3, 0, 0, 0, 0, 0, 0, 0) 1 (148, 140) 0
(102, 106) 1
(147, 139) 1
(190, 106) 1
(201, 107) 1
(148, 142) 1
0 (0, 3, 0, 0, 0, 0, 0, 0, 0) 1 (189, 107) 0
1 (0, 3, 0, 0, 0, 0, 0, 0, 0) 1 (200, 108) 0
2 (0, 3, 0, 0, 0, 0, 0, 0, 0) 1 (147, 141) 0
3 (0, 3, 0, 0, 0, 0, 0, 0, 0) -1 (148, 142) 0
(102, 106) 1
(147, 139) 1
(190, 106) 1
(201, 107) 1
(148, 142) 1
(148, 140) 1
(191, 107) 1
0 (0, 3, 0, 0, 0, 0, 0, 0, 0) -1 (191, 107) 0
1 (0, 3, 0, 0, 0, 0, 0, 0, 0) 1 (200, 108) 0
2 (0, 3, 0, 0, 0, 0, 0, 0, 0) -1 (148, 140) 0
3 (0, 3, 0, 0, 0, 0, 0, 0, 0) -1 (148, 142) 0
(102, 106) 1
(201, 107) 1
(148, 142) 1
(191, 107) 1
(202, 108) 1
0 (0, 3, 0, 0, 0, 0, 0, 0, 0) 1 (190, 106) 0
1 (0, 3, 0, 0, 0, 0, 0, 0, 0) -1 (202, 108) 0
2 (0, 3, 0, 0, 0, 0, 0, 0, 0) 1 (147, 139) 0
3 (0, 3, 0, 0, 0, 0, 0, 0, 0) 1 (148, 140) 0
(102, 106) 1
(148, 142) 1
(191, 107) 1
(202, 108) 1
(149, 141) 1
0 (0, 3, 0, 0, 0, 0, 0, 0, 0) 1 (190, 106) 0
1 (0, 3, 0, 0, 0, 0, 0, 0, 0) 1 (201, 107) 0
2 (0, 3, 0, 0, 0, 0, 0, 0, 0) 1 (147, 139) 0
3 (0, 3, 0, 0, 0, 0, 0, 0, 0) -1 (149, 141) 0
(102, 106) 1
(191, 107) 1
(202, 108) 1
(149, 141) 1
(147, 141) 1
(192, 106) 1
0 (0, 3, 0, 0, 0, 0, 0, 0, 0) -1 (192, 106) 0
1 (0, 3, 0, 0, 0, 0, 0, 0, 0) 1 (201, 107) 0
2 (0, 3, 0, 0, 0, 0, 0, 0, 0) -1 (147, 141) 0
3 (0, 3, 0, 0, 0, 0, 0, 0, 0) 1 (148, 142) 0
(102, 106) 1
(202, 108) 1
(149, 141) 1
(147, 141) 1
(192, 106) 1
(203, 107) 1
0 (0, 3, 0, 0, 0, 0, 0, 0, 0) 1 (191, 107) 0
1 (0, 3, 0, 0, 0, 0, 0, 0, 0) -1 (203, 107) 0
2 (0, 3, 0, 0, 0, 0, 0, 0, 0) -1 (147, 141) 0
3 (0, 3, 0, 0, 0, 0, 0, 0, 0) 1 (148, 142) 0
(102, 106) 1
(147, 141) 1
(192, 106) 1
(203, 107) 1
(150, 142) 1
0 (0, 3, 0, 0, 0, 0, 0, 0, 0) 1 (191, 107) 0
1 (0, 3, 0, 0, 0, 0, 0, 0, 0) 1 (202, 108) 0
2 (0, 3, 0, 0, 0, 0, 0, 0, 0) 1 (149, 141) 0
3 (0, 3, 0, 0, 0, 0, 0, 0, 0) -1 (150, 142) 0
(102, 106) 1
(147, 141) 1
(192, 106) 1
(203, 107) 1
(150, 142) 1
(148, 142) 1
(193, 107) 1
0 (0, 3, 0, 0, 0, 0, 0, 0, 0) -1 (193, 107) 0
1 (0, 3, 0, 0, 0, 0, 0, 0, 0) 1 (202, 108) 0
2 (0, 3, 0, 0, 0, 0, 0, 0, 0) -1 (148, 142) 0
3 (0, 3, 0, 0, 0, 0, 0, 0, 0) -1 (150, 142) 0
(102, 106) 1
(203, 107) 1
(150, 142) 1
(193, 107) 1
(204, 108) 1
0 (0, 3, 0, 0, 0, 0, 0, 0, 0) 1 (192, 106) 0
1 (0, 3, 0, 0, 0, 0, 0, 0, 0) -1 (204, 108) 0
2 (0, 3, 0, 0, 0, 0, 0, 0, 0) 1 (147, 141) 0
3 (0, 3, 0, 0, 0, 0, 0, 0, 0) 1 (148, 142) 0
(102, 106) 1
(150, 142) 1
(193, 107) 1
(204, 108) 1
(149, 143) 1
0 (0, 3, 0, 0, 0, 0, 0, 0, 0) 1 (192, 106) 0
1 (0, 3, 0, 0, 0, 0, 0, 0, 0) 1 (203, 107) 0
2 (0, 3, 0, 0, 0, 0, 0, 0, 0) 1 (147, 141) 0
3 (0, 3, 0, 0, 0, 0, 0, 0, 0) -1 (149, 143) 0
(102, 106) 1
(193, 107) 1
(204, 108) 1
(149, 143) 1
(149, 141) 1
(194, 106) 1
0 (0, 3, 0, 0, 0, 0, 0, 0, 0) -1 (194, 106) 0
1 (0, 3, 0, 0, 0, 0, 0, 0, 0) 1 (203, 107) 0
2 (0, 3, 0, 0, 0, 0, 0, 0, 0) -1 (149, 141) 0
3 (0, 3, 0, 0, 0, 0, 0, 0, 0) 1 (150, 142) 0
(102, 106) 1
(204, 108) 1
(149, 143) 1
(149, 141) 1
(194, 106) 1
(205, 107) 1
0 (0, 3, 0, 0, 0, 0, 0, 0, 0) 1 (193, 107) 0
1 (0, 3, 0, 0, 0, 0, 0, 0, 0) -1 (205, 107) 0
2 (0, 3, 0, 0, 0, 0, 0, 0, 0) -1 (149, 141) 0
3 (0, 3, 0, 0, 0, 0, 0, 0, 0) 1 (150, 142) 0
(102, 106) 1
(149, 141) 1
(194, 106) 1
(205, 107) 1
(150, 144) 1
0 (0, 3, 0, 0, 0, 0, 0, 0, 0) 1 (193, 107) 0
1 (0, 3, 0, 0, 0, 0, 0, 0, 0) 1 (204, 108) 0
2 (0, 3, 0, 0, 0, 0, 0, 0, 0) 1 (149, 143) 0
3 (0, 3, 0, 0, 0, 0, 0, 0, 0) -1 (150, 144) 0
(102, 106) 1
(149, 141) 1
(194, 106) 1
(205, 107) 1
(150, 144) 1
(150, 142) 1
(195, 107) 1
0 (0, 3, 0, 0, 0, 0, 0, 0, 0) -1 (195, 107) 0
1 (0, 3, 0, 0, 0, 0, 0, 0, 0) 1 (204, 108) 0
2 (0, 3, 0, 0, 0, 0, 0, 0, 0) -1 (150, 142) 0
3 (0, 3, 0, 0, 0, 0, 0, 0, 0) -1 (150, 144) 0
(102, 106) 1
(205, 107) 1
(150, 144) 1
(195, 107) 1
(206, 108) 1
0 (0, 3, 0, 0, 0, 0, 0, 0, 0) 1 (194, 106) 0
1 (0, 3, 0, 0, 0, 0, 0, 0, 0) -1 (206, 108) 0
2 (0, 3, 0, 0, 0, 0, 0, 0, 0) 1 (149, 141) 0
3 (0, 3, 0, 0, 0, 0, 0, 0, 0) 1 (150, 142) 0
(102, 106) 1
(150, 144) 1
(195, 107) 1
(206, 108) 1
(151, 143) 1
0 (0, 3, 0, 0, 0, 0, 0, 0, 0) 1 (194, 106) 0
1 (0, 3, 0, 0, 0, 0, 0, 0, 0) 1 (205, 107) 0
2 (0, 3, 0, 0, 0, 0, 0, 0, 0) 1 (149, 141) 0
3 (0, 3, 0, 0, 0, 0, 0, 0, 0) -1 (151, 143) 0
(102, 106) 1
(195, 107) 1
(206, 108) 1
(151, 143) 1
(149, 143) 1
(196, 106) 1
0 (0, 3, 0, 0, 0, 0, 0, 0, 0) -1 (196, 106) 0
1 (0, 3, 0, 0, 0, 0, 0, 0, 0) 1 (205, 107) 0
2 (0, 3, 0, 0, 0, 0, 0, 0, 0) -1 (149, 143) 0
3 (0, 3, 0, 0, 0, 0, 0, 0, 0) 1 (150, 144) 0
(102, 106) 1
(206, 108) 1
(151, 143) 1
(149, 143) 1
(196, 106) 1
(207, 107) 1
0 (0, 3, 0, 0, 0, 0, 0, 0, 0) 1 (195, 107) 0
1 (0, 3, 0, 0, 0, 0, 0, 0, 0) -1 (207, 107) 0
2 (0, 3, 0, 0, 0, 0, 0, 0, 0) -1 (149, 143) 0
3 (0, 3, 0, 0, 0, 0, 0, 0, 0) 1 (150, 144) 0
(102, 106) 1
(149, 143) 1
(196, 106) 1
(207, 107) 1
(152, 144) 1
0 (0, 3, 0, 0, 0, 0, 0, 0, 0) 1 (195, 107) 0
1 (0, 3, 0, 0, 0, 0, 0, 0, 0) 1 (206, 108) 0
2 (0, 3, 0, 0, 0, 0, 0, 0, 0) 1 (151, 143) 0
3 (0, 3, 0, 0, 0, 0, 0, 0, 0) -1 (152, 144) 0
(102, 106) 1
(149, 143) 1
(196, 106) 1
(207, 107) 1
(152, 144) 1
(150, 144) 1
(197, 107) 1
0 (0, 3, 0, 0, 0, 0, 0, 0, 0) -1 (197, 107) 0
1 (0, 3, 0, 0, 0, 0, 0, 0, 0) 1 (206, 108) 0
2 (0, 3, 0, 0, 0, 0, 0, 0, 0) -1 (150, 144) 0
3 (0, 3, 0, 0, 0, 0, 0, 0, 0) -1 (152, 144) 0
(102, 106) 1
(207, 107) 1
(152, 144) 1
(197, 107) 1
(208, 108) 1
0 (0, 3, 0, 0, 0, 0, 0, 0, 0) 1 (196, 106) 0
1 (0, 3, 0, 0, 0, 0, 0, 0, 0) -1 (208, 108) 0
2 (0, 3, 0, 0, 0, 0, 0, 0, 0) 1 (149, 143) 0
3 (0, 3, 0, 0, 0, 0, 0, 0, 0) 1 (150, 144) 0
(102, 106) 1
(152, 144) 1
(197, 107) 1
(208, 108) 1
(151, 145) 1
0 (0, 3, 0, 0, 0, 0, 0, 0, 0) 1 (196, 106) 0
1 (0, 3, 0, 0, 0, 0, 0, 0, 0) 1 (207, 107) 0
2 (0, 3, 0, 0, 0, 0, 0, 0, 0) 1 (149, 143) 0
3 (0, 3, 0, 0, 0, 0, 0, 0, 0) -1 (151, 145) 0
(102, 106) 1
(197, 107) 1
(208, 108) 1
(151, 145) 1
(151, 143) 1
(198, 106) 1
0 (0, 3, 0, 0, 0, 0, 0, 0, 0) -1 (198, 106) 0
1 (0, 3, 0, 0, 0, 0, 0, 0, 0) 1 (207, 107) 0
2 (0, 3, 0, 0, 0, 0, 0, 0, 0) -1 (151, 143) 0
3 (0, 3, 0, 0, 0, 0, 0, 0, 0) 1 (152, 144) 0
(102, 106) 1
(208, 108) 1
(151, 145) 1
(151, 143) 1
(198, 106) 1
(209, 107) 1
0 (0, 3, 0, 0, 0, 0, 0, 0, 0) 1 (197, 107) 0
1 (0, 3, 0, 0, 0, 0, 0, 0, 0) -1 (209, 107) 0
2 (0, 3, 0, 0, 0, 0, 0, 0, 0) -1 (151, 143) 0
3 (0, 3, 0, 0, 0, 0, 0, 0, 0) 1 (152, 144) 0
(102, 106) 1
(151, 143) 1
(198, 106) 1
(209, 107) 1
(152, 146) 1
0 (0, 3, 0, 0, 0, 0, 0, 0, 0) 1 (197, 107) 0
1 (0, 3, 0, 0, 0, 0, 0, 0, 0) 1 (208, 108) 0
2 (0, 3, 0, 0, 0, 0, 0, 0, 0) 1 (151, 145) 0
3 (0, 3, 0, 0, 0, 0, 0, 0, 0) -1 (152, 146) 0
(102, 106) 1
(151, 143) 1
(198, 106) 1
(209, 107) 1
(152, 146) 1
(152, 144) 1
(199, 107) 1
0 (0, 3, 0, 0, 0, 0, 0, 0, 0) -1 (199, 107) 0
1 (0, 3, 0, 0, 0, 0, 0, 0, 0) 1 (208, 108) 0
2 (0, 3, 0, 0, 0, 0, 0, 0, 0) -1 (152, 144) 0
3 (0, 3, 0, 0, 0, 0, 0, 0, 0) -1 (152, 146) 0
(102, 106) 1
(209, 107) 1
(152, 146) 1
(199, 107) 1
(210, 108) 1
0 (0, 3, 0, 0, 0, 0, 0, 0, 0) 1 (198, 106) 0
1 (0, 3, 0, 0, 0, 0, 0, 0, 0) -1 (210, 108) 0
2 (0, 3, 0, 0, 0, 0, 0, 0, 0) 1 (151, 143) 0
3 (0, 3, 0, 0, 0, 0, 0, 0, 0) 1 (152, 144) 0
(102, 106) 1
(152, 146) 1
(199, 107) 1
(210, 108) 1
(153, 145) 1
0 (0, 3, 0, 0, 0, 0, 0, 0, 0) 1 (198, 106) 0
1 (0, 3, 0, 0, 0, 0, 0, 0, 0) 1 (209, 107) 0
2 (0, 3, 0, 0, 0, 0, 0, 0, 0) 1 (151, 143) 0
3 (0, 3, 0, 0, 0, 0, 0, 0, 0) -1 (153, 145) 0
(102, 106) 1
(199, 107) 1
(210, 108) 1
(153, 145) 1
(151, 145) 1
(200, 106) 1
0 (0, 3, 0, 0, 0, 0, 0, 0, 0) -1 (200, 106) 0
1 (0, 3, 0, 0, 0, 0, 0, 0, 0) 1 (209, 107) 0
2 (0, 3, 0, 0, 0, 0, 0, 0, 0) -1 (151, 145) 0
3 (0, 3, 0, 0, 0, 0, 0, 0, 0) 1 (152, 146) 0
(102, 106) 1
(210, 108) 1
(153, 145) 1
(151, 145) 1
(200, 106) 1
(211, 107) 1
0 (0, 3, 0, 0, 0, 0, 0, 0, 0) 1 (199, 107) 0
1 (0, 3, 0, 0, 0, 0, 0, 0, 0) -1 (211, 107) 0
2 (0, 3, 0, 0, 0, 0, 0, 0, 0) -1 (151, 145) 0
3 (0, 3, 0, 0, 0, 0, 0, 0, 0) 1 (152, 146) 0
(102, 106) 1
(151, 145) 1
(200, 106) 1
(211, 107) 1
(154, 146) 1
0 (0, 3, 0, 0, 0, 0, 0, 0, 0) 1 (199, 107) 0
1 (0, 3, 0, 0, 0, 0, 0, 0, 0) 1 (210, 108) 0
2 (0, 3, 0, 0, 0, 0, 0, 0, 0) 1 (153, 145) 0
3 (0, 3, 0, 0, 0, 0, 0, 0, 0) -1 (154, 146) 0
(102, 106) 1
(151, 145) 1
(200, 106) 1
(211, 107) 1
(154, 146) 1
(152, 146) 1
(201, 107) 1
0 (0, 3, 0, 0, 0, 0, 0, 0, 0) -1 (201, 107) 0
1 (0, 3, 0, 0, 0, 0, 0, 0, 0) 1 (210, 108) 0
2 (0, 3, 0, 0, 0, 0, 0, 0, 0) -1 (152, 146) 0
3 (0, 3, 0, 0, 0, 0, 0, 0, 0) -1 (154, 146) 0
(102, 106) 1
(211, 107) 1
(154, 146) 1
(201, 107) 1
(212, 108) 1
0 (0, 3, 0, 0, 0, 0, 0, 0, 0) 1 (200, 106) 0
1 (0, 3, 0, 0, 0, 0, 0, 0, 0) -1 (212, 108) 0
2 (0, 3, 0, 0, 0, 0, 0, 0, 0) 1 (151, 145) 0
3 (0, 3, 0, 0, 0, 0, 0, 0, 0) 1 (152, 146) 0
(102, 106) 1
(154, 146) 1
(201, 107) 1
(212, 108) 1
(153, 147) 1
0 (0, 3, 0, 0, 0, 0, 0, 0, 0) 1 (200, 106) 0
1 (0, 3, 0, 0, 0, 0, 0, 0, 0) 1 (211, 107) 0
2 (0, 3, 0, 0, 0, 0, 0, 0, 0) 1 (151, 145) 0
3 (0, 3, 0, 0, 0, 0, 0, 0, 0) -1 (153, 147) 0
(102, 106) 1
(201, 107) 1
(212, 108) 1
(153, 147) 1
(153, 145) 1
(202, 106) 1
0 (0, 3, 0, 0, 0, 0, 0, 0, 0) -1 (202, 106) 0
1 (0, 3, 0, 0, 0, 0, 0, 0, 0) 1 (211, 107) 0
2 (0, 3, 0, 0, 0, 0, 0, 0, 0) -1 (153, 145) 0
3 (0, 3, 0, 0, 0, 0, 0, 0, 0) 1 (154, 146) 0
(102, 106) 1
(212, 108) 1
(153, 147) 1
(153, 145) 1
(202, 106) 1
(213, 107) 1
0 (0, 3, 0, 0, 0, 0, 0, 0, 0) 1 (201, 107) 0
1 (0, 3, 0, 0, 0, 0, 0, 0, 0) -1 (213, 107) 0
2 (0, 3, 0, 0, 0, 0, 0, 0, 0) -1 (153, 145) 0
3 (0, 3, 0, 0, 0, 0, 0, 0, 0) 1 (154, 146) 0
(102, 106) 1
(153, 145) 1
(202, 106) 1
(213, 107) 1
(154, 148) 1
0 (0, 3, 0, 0, 0, 0, 0, 0, 0) 1 (201, 107) 0
1 (0, 3, 0, 0, 0, 0, 0, 0, 0) 1 (212, 108) 0
2 (0, 3, 0, 0, 0, 0, 0, 0, 0) 1 (153, 147) 0
3 (0, 3, 0, 0, 0, 0, 0, 0, 0) -1 (154, 148) 0
(102, 106) 1
(153, 145) 1
(202, 106) 1
(213, 107) 1
(154, 148) 1
(154, 146) 1
(203, 107) 1
0 (0, 3, 0, 0, 0, 0, 0, 0, 0) -1 (203, 107) 0
1 (0, 3, 0, 0, 0, 0, 0, 0, 0) 1 (212, 108) 0
2 (0, 3, 0, 0, 0, 0, 0, 0, 0) -1 (154, 146) 0
3 (0, 3, 0, 0, 0, 0, 0, 0, 0) -1 (154, 148) 0
(102, 106) 1
(213, 107) 1
(154, 148) 1
(203, 107) 1
(214, 108) 1
0 (0, 3, 0, 0, 0, 0, 0, 0, 0) 1 (202, 106) 0
1 (0, 3, 0, 0, 0, 0, 0, 0, 0) -1 (214, 108) 0
2 (0, 3, 0, 0, 0, 0, 0, 0, 0) 1 (153, 145) 0
3 (0, 3, 0, 0, 0, 0, 0, 0, 0) 1 (154, 146) 0
EDCA_support.stopModel
